2024-10-21 10:08:23,442 - INFO     ->  16 -  .  -  .   - Auction retrieved: https://www.hacienda.gob.es/es-ES/Areas%20Tematicas/Patrimonio%20del%20Estado/Gestion%20Patrimonial%20del%20Estado/Paginas/Subastas/DEH-CUENCA-Subasta-publica.aspx
2024-10-21 10:08:35,030 - INFO     ->  16 -  .  -  .   - List of lands: https://www.hacienda.gob.es/DGPatrimonio/Gestión%20Patrimonial/subastas/DEH_CUENCA/Pliego%20de%20condiciones.pdf
2024-10-21 10:08:48,503 - INFO     ->  16 -  1  -  .   - ['16102A502000230000QX'], 3025.0
2024-10-21 10:08:48,503 - INFO     ->  16 -  2  -  .   - ['16102A502000490000QK'], 8500.0
2024-10-21 10:08:48,503 - INFO     ->  16 -  3  -  .   - ['16102A502000960000QU'], 710.98
2024-10-21 10:08:48,504 - INFO     ->  16 -  4  -  .   - ['16102A503000010000QI'], 3350.0
2024-10-21 10:08:48,504 - INFO     ->  16 -  5  -  .   - ['16102A503000190000QT'], 750.0
2024-10-21 10:08:48,504 - INFO     ->  16 -  6  -  .   - ['16102A503000230000QF'], 2450.0
2024-10-21 10:08:48,504 - INFO     ->  16 -  7  -  .   - ['16102A503000320000QX'], 6651.12
2024-10-21 10:08:48,505 - INFO     ->  16 -  8  -  .   - ['16102A504000230000QY'], 1850.0
2024-10-21 10:08:48,505 - INFO     ->  16 -  9  -  .   - ['16102A505000060000QF'], 5300.0
2024-10-21 10:08:48,505 - INFO     ->  16 -  10 -  .   - ['16102A506000280000QS'], 550.0
2024-10-21 10:08:48,505 - INFO     ->  16 -  11 -  .   - ['16102A506000330000QU'], 2100.0
2024-10-21 10:08:48,506 - INFO     ->  16 -  12 -  .   - ['16102A506000510000QM'], 17500.0
2024-10-21 10:08:48,506 - INFO     ->  16 -  13 -  .   - ['16102A507001060000QW'], 380.0
2024-10-21 10:08:48,506 - INFO     ->  16 -  14 -  .   - ['16102A508000290000QT'], 210.0
2024-10-21 10:08:48,506 - INFO     ->  16 -  15 -  .   - ['16102A508000330000QF'], 240.0
2024-10-21 10:08:48,506 - INFO     ->  16 -  16 -  .   - ['16102A508000380000QD'], 209.51
2024-10-21 10:08:48,506 - INFO     ->  16 -  17 -  .   - ['16102A508000490000QH'], 300.0
2024-10-21 10:08:48,506 - INFO     ->  16 -  18 -  .   - ['16102A509000010000QY'], 560.0
2024-10-21 10:08:48,506 - INFO     ->  16 -  19 -  .   - ['16102A510000010000QX'], 4512.8
2024-10-21 10:08:48,507 - INFO     ->  16 -  20 -  .   - ['16102A512000580000QH'], 750.0
2024-10-21 10:08:48,507 - INFO     ->  16 -  21 -  .   - ['16102A512000620000QW'], 200.0
2024-10-21 10:08:48,507 - INFO     ->  16 -  22 -  .   - ['16102A515000470000QS'], 775.0
2024-10-21 10:08:48,507 - INFO     ->  16 -  23 -  .   - ['16233A501000170000OE'], 300.0
2024-10-21 10:08:48,507 - INFO     ->  16 -  24 -  .   - ['16233A501000630000OY'], 10283.18
2024-10-21 10:08:48,507 - INFO     ->  16 -  25 -  .   - ['16233A501000700000OL'], 5834.87
2024-10-21 10:08:48,507 - INFO     ->  16 -  26 -  .   - ['16233A503000150000OG'], 300.0
2024-10-21 10:08:48,507 - INFO     ->  16 -  27 -  .   - ['16233A503000200000OP'], 900.0
2024-10-21 10:08:48,507 - INFO     ->  16 -  28 -  .   - ['16233A503000340000OJ'], 4150.0
2024-10-21 10:08:48,508 - INFO     ->  16 -  29 -  .   - ['16233A506000020000OH'], 6000.0
2024-10-21 10:08:48,508 - INFO     ->  16 -  30 -  .   - ['16233A506000040000OA'], 1050.0
2024-10-21 10:08:48,508 - INFO     ->  16 -  31 -  .   - ['16233A506000060000OY'], 3700.0
2024-10-21 10:08:48,508 - INFO     ->  16 -  32 -  .   - ['16233A506000090000OP'], 400.0
2024-10-21 10:08:48,508 - INFO     ->  16 -  33 -  .   - ['16233A506010010000OS'], 2830.0
2024-10-21 10:08:48,508 - INFO     ->  16 -  34 -  .   - ['16233A506010020000OZ'], 300.0
2024-10-21 10:08:48,508 - INFO     ->  16 -  35 -  .   - ['16233A508000220000OA'], 1383.67
2024-10-21 10:08:48,508 - INFO     ->  16 -  36 -  .   - ['16233A551000250000OZ'], 3650.0
2024-10-21 10:08:48,508 - INFO     ->  16 -  37 -  .   - ['16123A501000250000GW'], 1083.75
2024-10-21 10:08:48,509 - INFO     ->  16 -  38 -  .   - ['16123A511001620000GF'], 1117.75
2024-10-21 10:08:48,509 - INFO     ->  16 -  39 -  .   - ['16123A511000310000GL'], 450.5
2024-10-21 10:08:48,509 - INFO     ->  16 -  40 -  .   - ['16256A510000560000IF'], 2125.0
2024-10-21 10:08:48,509 - INFO     ->  16 -  41 -  .   - ['16256A510000680000IE'], 416.5
2024-10-21 10:08:48,509 - INFO     ->  16 -  42 -  .   - ['16256A513000510000IF'], 892.5
2024-10-21 10:08:48,509 - INFO     ->  16 -  43 -  .   - ['16256A513000520000IM'], 255.0
2024-10-21 10:08:48,510 - INFO     ->  16 -  44 -  .   - ['16256A515000990000IM'], 1275.0
2024-10-21 10:08:48,510 - INFO     ->  16 -  45 -  .   - ['16256A516000450000IO'], 977.5
2024-10-21 10:08:48,510 - INFO     ->  16 -  46 -  .   - ['16256A525000400000II'], 743.75
2024-10-21 10:08:48,510 - INFO     ->  16 -  47 -  .   - ['16233A507000260000OO'], 6375.0
2024-10-21 10:08:48,510 - INFO     ->  16 -  48 -  .   - ['16233A507000300000OK'], 255.0
2024-10-21 10:08:48,510 - INFO     ->  16 -  49 -  .   - ['16256A511000300000IP'], 6502.5
2024-10-21 10:08:48,510 - INFO     ->  16 -  50 -  .   - ['16256A512000650000IY'], 1986.88
2024-10-21 10:08:48,510 - INFO     ->  16 -  51 -  .   - ['16256A516000490000IX'], 1408.88
2024-10-21 10:08:48,511 - INFO     ->  16 -  52 -  .   - ['16256A521000660000ID'], 1192.13
2024-10-21 10:08:48,511 - INFO     ->  16 -  53 -  .   - ['16123A509001370000GM'], 484.08
2024-10-21 10:08:48,511 - WARNING  ->  16 -  54 -  .   - Failed to process the lote 54
2024-10-21 10:08:48,511 - WARNING  ->  16 -  55 -  .   - Failed to process the lote 55
2024-10-21 10:08:48,511 - INFO     ->  16 -  56 -  .   - ['16123A524000410000GW'], 552.71
2024-10-21 10:08:48,511 - INFO     ->  16 -  57 -  .   - ['16123A520001480000GO'], 399.19
2024-10-21 10:08:48,512 - INFO     ->  16 -  58 -  .   - ['16123A508001510000GA', '16123A511010180000GU'], 775.64
2024-10-21 10:11:11,578 - INFO     ->  16 -  .  -  .   - Auction retrieved: https://www.hacienda.gob.es/es-ES/Areas%20Tematicas/Patrimonio%20del%20Estado/Gestion%20Patrimonial%20del%20Estado/Paginas/Subastas/DEH-CUENCA-Subasta-publica.aspx
2024-10-21 10:11:23,174 - INFO     ->  16 -  .  -  .   - List of lands: https://www.hacienda.gob.es/DGPatrimonio/Gestión%20Patrimonial/subastas/DEH_CUENCA/Pliego%20de%20condiciones.pdf
2024-10-21 10:11:37,012 - INFO     ->  16 -  1  -  .   - ['16102A502000230000QX'], 3025.0
2024-10-21 10:11:37,012 - INFO     ->  16 -  2  -  .   - ['16102A502000490000QK'], 8500.0
2024-10-21 10:11:37,012 - INFO     ->  16 -  3  -  .   - ['16102A502000960000QU'], 710.98
2024-10-21 10:11:37,012 - INFO     ->  16 -  4  -  .   - ['16102A503000010000QI'], 3350.0
2024-10-21 10:11:37,012 - INFO     ->  16 -  5  -  .   - ['16102A503000190000QT'], 750.0
2024-10-21 10:11:37,012 - INFO     ->  16 -  6  -  .   - ['16102A503000230000QF'], 2450.0
2024-10-21 10:11:37,013 - INFO     ->  16 -  7  -  .   - ['16102A503000320000QX'], 6651.12
2024-10-21 10:11:37,013 - INFO     ->  16 -  8  -  .   - ['16102A504000230000QY'], 1850.0
2024-10-21 10:11:37,013 - INFO     ->  16 -  9  -  .   - ['16102A505000060000QF'], 5300.0
2024-10-21 10:11:37,013 - INFO     ->  16 -  10 -  .   - ['16102A506000280000QS'], 550.0
2024-10-21 10:11:37,013 - INFO     ->  16 -  11 -  .   - ['16102A506000330000QU'], 2100.0
2024-10-21 10:11:37,013 - INFO     ->  16 -  12 -  .   - ['16102A506000510000QM'], 17500.0
2024-10-21 10:11:37,013 - INFO     ->  16 -  13 -  .   - ['16102A507001060000QW'], 380.0
2024-10-21 10:11:37,013 - INFO     ->  16 -  14 -  .   - ['16102A508000290000QT'], 210.0
2024-10-21 10:11:37,013 - INFO     ->  16 -  15 -  .   - ['16102A508000330000QF'], 240.0
2024-10-21 10:11:37,014 - INFO     ->  16 -  16 -  .   - ['16102A508000380000QD'], 209.51
2024-10-21 10:11:37,014 - INFO     ->  16 -  17 -  .   - ['16102A508000490000QH'], 300.0
2024-10-21 10:11:37,014 - INFO     ->  16 -  18 -  .   - ['16102A509000010000QY'], 560.0
2024-10-21 10:11:37,014 - INFO     ->  16 -  19 -  .   - ['16102A510000010000QX'], 4512.8
2024-10-21 10:11:37,014 - INFO     ->  16 -  20 -  .   - ['16102A512000580000QH'], 750.0
2024-10-21 10:11:37,014 - INFO     ->  16 -  21 -  .   - ['16102A512000620000QW'], 200.0
2024-10-21 10:11:37,014 - INFO     ->  16 -  22 -  .   - ['16102A515000470000QS'], 775.0
2024-10-21 10:11:37,014 - INFO     ->  16 -  23 -  .   - ['16233A501000170000OE'], 300.0
2024-10-21 10:11:37,014 - INFO     ->  16 -  24 -  .   - ['16233A501000630000OY'], 10283.18
2024-10-21 10:11:37,014 - INFO     ->  16 -  25 -  .   - ['16233A501000700000OL'], 5834.87
2024-10-21 10:11:37,015 - INFO     ->  16 -  26 -  .   - ['16233A503000150000OG'], 300.0
2024-10-21 10:11:37,015 - INFO     ->  16 -  27 -  .   - ['16233A503000200000OP'], 900.0
2024-10-21 10:11:37,015 - INFO     ->  16 -  28 -  .   - ['16233A503000340000OJ'], 4150.0
2024-10-21 10:11:37,015 - INFO     ->  16 -  29 -  .   - ['16233A506000020000OH'], 6000.0
2024-10-21 10:11:37,015 - INFO     ->  16 -  30 -  .   - ['16233A506000040000OA'], 1050.0
2024-10-21 10:11:37,015 - INFO     ->  16 -  31 -  .   - ['16233A506000060000OY'], 3700.0
2024-10-21 10:11:37,015 - INFO     ->  16 -  32 -  .   - ['16233A506000090000OP'], 400.0
2024-10-21 10:11:37,015 - INFO     ->  16 -  33 -  .   - ['16233A506010010000OS'], 2830.0
2024-10-21 10:11:37,015 - INFO     ->  16 -  34 -  .   - ['16233A506010020000OZ'], 300.0
2024-10-21 10:11:37,016 - INFO     ->  16 -  35 -  .   - ['16233A508000220000OA'], 1383.67
2024-10-21 10:11:37,016 - INFO     ->  16 -  36 -  .   - ['16233A551000250000OZ'], 3650.0
2024-10-21 10:11:37,016 - INFO     ->  16 -  37 -  .   - ['16123A501000250000GW'], 1083.75
2024-10-21 10:11:37,016 - INFO     ->  16 -  38 -  .   - ['16123A511001620000GF'], 1117.75
2024-10-21 10:11:37,016 - INFO     ->  16 -  39 -  .   - ['16123A511000310000GL'], 450.5
2024-10-21 10:11:37,016 - INFO     ->  16 -  40 -  .   - ['16256A510000560000IF'], 2125.0
2024-10-21 10:11:37,016 - INFO     ->  16 -  41 -  .   - ['16256A510000680000IE'], 416.5
2024-10-21 10:11:37,016 - INFO     ->  16 -  42 -  .   - ['16256A513000510000IF'], 892.5
2024-10-21 10:11:37,016 - INFO     ->  16 -  43 -  .   - ['16256A513000520000IM'], 255.0
2024-10-21 10:11:37,016 - INFO     ->  16 -  44 -  .   - ['16256A515000990000IM'], 1275.0
2024-10-21 10:11:37,017 - INFO     ->  16 -  45 -  .   - ['16256A516000450000IO'], 977.5
2024-10-21 10:11:37,017 - INFO     ->  16 -  46 -  .   - ['16256A525000400000II'], 743.75
2024-10-21 10:11:37,017 - INFO     ->  16 -  47 -  .   - ['16233A507000260000OO'], 6375.0
2024-10-21 10:11:37,017 - INFO     ->  16 -  48 -  .   - ['16233A507000300000OK'], 255.0
2024-10-21 10:11:37,017 - INFO     ->  16 -  49 -  .   - ['16256A511000300000IP'], 6502.5
2024-10-21 10:11:37,017 - INFO     ->  16 -  50 -  .   - ['16256A512000650000IY'], 1986.88
2024-10-21 10:11:37,017 - INFO     ->  16 -  51 -  .   - ['16256A516000490000IX'], 1408.88
2024-10-21 10:11:37,017 - INFO     ->  16 -  52 -  .   - ['16256A521000660000ID'], 1192.13
2024-10-21 10:11:37,017 - INFO     ->  16 -  53 -  .   - ['16123A509001370000GM'], 484.08
2024-10-21 10:11:37,018 - WARNING  ->  16 -  54 -  .   - Failed to process the lote 54
2024-10-21 10:11:37,018 - WARNING  ->  16 -  55 -  .   - Failed to process the lote 55
2024-10-21 10:11:37,018 - INFO     ->  16 -  56 -  .   - ['16123A524000410000GW'], 552.71
2024-10-21 10:11:37,018 - INFO     ->  16 -  57 -  .   - ['16123A520001480000GO'], 399.19
2024-10-21 10:11:37,018 - INFO     ->  16 -  58 -  .   - ['16123A508001510000GA', '16123A511010180000GU'], 775.64
2024-10-21 10:12:01,623 - ERROR    ->  16 -  1  -  1   - Failed to get data from land '16102A502000230000QX'
Traceback (most recent call last):
  File "/home/miguel/coding-projects/ScrapingFincasHacienda/scrapingFincasHacienda/Catastro/catastro.py", line 81, in get_data
    self.__search()
  File "/home/miguel/coding-projects/ScrapingFincasHacienda/scrapingFincasHacienda/Catastro/catastro.py", line 132, in __search
    self.__close_cookies()
  File "/home/miguel/coding-projects/ScrapingFincasHacienda/scrapingFincasHacienda/Catastro/catastro.py", line 297, in __close_cookies
    button_cookie = self.find_element(
                    ^^^^^^^^^^^^^^^^^^
  File "/home/miguel/coding-projects/ScrapingFincasHacienda/env/lib/python3.12/site-packages/selenium/webdriver/remote/webdriver.py", line 748, in find_element
    return self.execute(Command.FIND_ELEMENT, {"using": by, "value": value})["value"]
           ^^^^^^^^^^^^^^^^^^^^^^^^^^^^^^^^^^^^^^^^^^^^^^^^^^^^^^^^^^^^^^^^^
  File "/home/miguel/coding-projects/ScrapingFincasHacienda/env/lib/python3.12/site-packages/selenium/webdriver/remote/webdriver.py", line 354, in execute
    self.error_handler.check_response(response)
  File "/home/miguel/coding-projects/ScrapingFincasHacienda/env/lib/python3.12/site-packages/selenium/webdriver/remote/errorhandler.py", line 229, in check_response
    raise exception_class(message, screen, stacktrace)
selenium.common.exceptions.NoSuchWindowException: Message: no such window: target window already closed
from unknown error: web view not found
  (Session info: chrome=128.0.6613.113)
Stacktrace:
#0 0x609133ae62da <unknown>
#1 0x6091337b4200 <unknown>
#2 0x609133789a1f <unknown>
#3 0x609133830eed <unknown>
#4 0x6091338466a9 <unknown>
#5 0x609133828673 <unknown>
#6 0x6091337f6473 <unknown>
#7 0x6091337f747e <unknown>
#8 0x609133aad0db <unknown>
#9 0x609133ab1071 <unknown>
#10 0x609133a999d5 <unknown>
#11 0x609133ab1bf2 <unknown>
#12 0x609133a7eb6f <unknown>
#13 0x609133ad5248 <unknown>
#14 0x609133ad5417 <unknown>
#15 0x609133ae50cc <unknown>
#16 0x796e7a77639d <unknown>
#17 0x796e7a7fb49c <unknown>

2024-10-21 10:12:25,610 - INFO     ->  16 -  .  -  .   - Auction retrieved: https://www.hacienda.gob.es/es-ES/Areas%20Tematicas/Patrimonio%20del%20Estado/Gestion%20Patrimonial%20del%20Estado/Paginas/Subastas/DEH-CUENCA-Subasta-publica.aspx
2024-10-21 10:12:38,620 - INFO     ->  16 -  .  -  .   - List of lands: https://www.hacienda.gob.es/DGPatrimonio/Gestión%20Patrimonial/subastas/DEH_CUENCA/Pliego%20de%20condiciones.pdf
2024-10-21 10:12:52,895 - INFO     ->  16 -  1  -  .   - ['16102A502000230000QX'], 3025.0
2024-10-21 10:12:52,895 - INFO     ->  16 -  2  -  .   - ['16102A502000490000QK'], 8500.0
2024-10-21 10:12:52,896 - INFO     ->  16 -  3  -  .   - ['16102A502000960000QU'], 710.98
2024-10-21 10:12:52,896 - INFO     ->  16 -  4  -  .   - ['16102A503000010000QI'], 3350.0
2024-10-21 10:12:52,896 - INFO     ->  16 -  5  -  .   - ['16102A503000190000QT'], 750.0
2024-10-21 10:12:52,897 - INFO     ->  16 -  6  -  .   - ['16102A503000230000QF'], 2450.0
2024-10-21 10:12:52,897 - INFO     ->  16 -  7  -  .   - ['16102A503000320000QX'], 6651.12
2024-10-21 10:12:52,897 - INFO     ->  16 -  8  -  .   - ['16102A504000230000QY'], 1850.0
2024-10-21 10:12:52,897 - INFO     ->  16 -  9  -  .   - ['16102A505000060000QF'], 5300.0
2024-10-21 10:12:52,897 - INFO     ->  16 -  10 -  .   - ['16102A506000280000QS'], 550.0
2024-10-21 10:12:52,897 - INFO     ->  16 -  11 -  .   - ['16102A506000330000QU'], 2100.0
2024-10-21 10:12:52,897 - INFO     ->  16 -  12 -  .   - ['16102A506000510000QM'], 17500.0
2024-10-21 10:12:52,898 - INFO     ->  16 -  13 -  .   - ['16102A507001060000QW'], 380.0
2024-10-21 10:12:52,898 - INFO     ->  16 -  14 -  .   - ['16102A508000290000QT'], 210.0
2024-10-21 10:12:52,898 - INFO     ->  16 -  15 -  .   - ['16102A508000330000QF'], 240.0
2024-10-21 10:12:52,898 - INFO     ->  16 -  16 -  .   - ['16102A508000380000QD'], 209.51
2024-10-21 10:12:52,898 - INFO     ->  16 -  17 -  .   - ['16102A508000490000QH'], 300.0
2024-10-21 10:12:52,898 - INFO     ->  16 -  18 -  .   - ['16102A509000010000QY'], 560.0
2024-10-21 10:12:52,899 - INFO     ->  16 -  19 -  .   - ['16102A510000010000QX'], 4512.8
2024-10-21 10:12:52,899 - INFO     ->  16 -  20 -  .   - ['16102A512000580000QH'], 750.0
2024-10-21 10:12:52,899 - INFO     ->  16 -  21 -  .   - ['16102A512000620000QW'], 200.0
2024-10-21 10:12:52,899 - INFO     ->  16 -  22 -  .   - ['16102A515000470000QS'], 775.0
2024-10-21 10:12:52,899 - INFO     ->  16 -  23 -  .   - ['16233A501000170000OE'], 300.0
2024-10-21 10:12:52,899 - INFO     ->  16 -  24 -  .   - ['16233A501000630000OY'], 10283.18
2024-10-21 10:12:52,900 - INFO     ->  16 -  25 -  .   - ['16233A501000700000OL'], 5834.87
2024-10-21 10:12:52,900 - INFO     ->  16 -  26 -  .   - ['16233A503000150000OG'], 300.0
2024-10-21 10:12:52,900 - INFO     ->  16 -  27 -  .   - ['16233A503000200000OP'], 900.0
2024-10-21 10:12:52,900 - INFO     ->  16 -  28 -  .   - ['16233A503000340000OJ'], 4150.0
2024-10-21 10:12:52,900 - INFO     ->  16 -  29 -  .   - ['16233A506000020000OH'], 6000.0
2024-10-21 10:12:52,900 - INFO     ->  16 -  30 -  .   - ['16233A506000040000OA'], 1050.0
2024-10-21 10:12:52,900 - INFO     ->  16 -  31 -  .   - ['16233A506000060000OY'], 3700.0
2024-10-21 10:12:52,901 - INFO     ->  16 -  32 -  .   - ['16233A506000090000OP'], 400.0
2024-10-21 10:12:52,901 - INFO     ->  16 -  33 -  .   - ['16233A506010010000OS'], 2830.0
2024-10-21 10:12:52,901 - INFO     ->  16 -  34 -  .   - ['16233A506010020000OZ'], 300.0
2024-10-21 10:12:52,901 - INFO     ->  16 -  35 -  .   - ['16233A508000220000OA'], 1383.67
2024-10-21 10:12:52,901 - INFO     ->  16 -  36 -  .   - ['16233A551000250000OZ'], 3650.0
2024-10-21 10:12:52,901 - INFO     ->  16 -  37 -  .   - ['16123A501000250000GW'], 1083.75
2024-10-21 10:12:52,902 - INFO     ->  16 -  38 -  .   - ['16123A511001620000GF'], 1117.75
2024-10-21 10:12:52,902 - INFO     ->  16 -  39 -  .   - ['16123A511000310000GL'], 450.5
2024-10-21 10:12:52,902 - INFO     ->  16 -  40 -  .   - ['16256A510000560000IF'], 2125.0
2024-10-21 10:12:52,902 - INFO     ->  16 -  41 -  .   - ['16256A510000680000IE'], 416.5
2024-10-21 10:12:52,902 - INFO     ->  16 -  42 -  .   - ['16256A513000510000IF'], 892.5
2024-10-21 10:12:52,902 - INFO     ->  16 -  43 -  .   - ['16256A513000520000IM'], 255.0
2024-10-21 10:12:52,902 - INFO     ->  16 -  44 -  .   - ['16256A515000990000IM'], 1275.0
2024-10-21 10:12:52,903 - INFO     ->  16 -  45 -  .   - ['16256A516000450000IO'], 977.5
2024-10-21 10:12:52,903 - INFO     ->  16 -  46 -  .   - ['16256A525000400000II'], 743.75
2024-10-21 10:12:52,903 - INFO     ->  16 -  47 -  .   - ['16233A507000260000OO'], 6375.0
2024-10-21 10:12:52,903 - INFO     ->  16 -  48 -  .   - ['16233A507000300000OK'], 255.0
2024-10-21 10:12:52,903 - INFO     ->  16 -  49 -  .   - ['16256A511000300000IP'], 6502.5
2024-10-21 10:12:52,903 - INFO     ->  16 -  50 -  .   - ['16256A512000650000IY'], 1986.88
2024-10-21 10:12:52,904 - INFO     ->  16 -  51 -  .   - ['16256A516000490000IX'], 1408.88
2024-10-21 10:12:52,904 - INFO     ->  16 -  52 -  .   - ['16256A521000660000ID'], 1192.13
2024-10-21 10:12:52,904 - INFO     ->  16 -  53 -  .   - ['16123A509001370000GM'], 484.08
2024-10-21 10:12:52,904 - WARNING  ->  16 -  54 -  .   - Failed to process the lote 54
2024-10-21 10:12:52,904 - WARNING  ->  16 -  55 -  .   - Failed to process the lote 55
2024-10-21 10:12:52,904 - INFO     ->  16 -  56 -  .   - ['16123A524000410000GW'], 552.71
2024-10-21 10:12:52,905 - INFO     ->  16 -  57 -  .   - ['16123A520001480000GO'], 399.19
2024-10-21 10:12:52,905 - INFO     ->  16 -  58 -  .   - ['16123A508001510000GA', '16123A511010180000GU'], 775.64
2024-10-21 10:31:19,368 - INFO     ->  16 -  .  -  .   - Auction retrieved: https://www.hacienda.gob.es/es-ES/Areas%20Tematicas/Patrimonio%20del%20Estado/Gestion%20Patrimonial%20del%20Estado/Paginas/Subastas/DEH-CUENCA-Subasta-publica.aspx
2024-10-21 10:31:22,525 - INFO     ->  16 -  .  -  .   - List of lands: https://www.hacienda.gob.es/DGPatrimonio/Gestión%20Patrimonial/subastas/DEH_CUENCA/Pliego%20de%20condiciones.pdf
2024-10-21 10:31:25,261 - INFO     ->  16 -  1  -  .   - ['16102A502000230000QX'], 3025.0
2024-10-21 10:31:25,261 - INFO     ->  16 -  2  -  .   - ['16102A502000490000QK'], 8500.0
2024-10-21 10:31:25,261 - INFO     ->  16 -  3  -  .   - ['16102A502000960000QU'], 710.98
2024-10-21 10:31:25,261 - INFO     ->  16 -  4  -  .   - ['16102A503000010000QI'], 3350.0
2024-10-21 10:31:25,261 - INFO     ->  16 -  5  -  .   - ['16102A503000190000QT'], 750.0
2024-10-21 10:31:25,261 - INFO     ->  16 -  6  -  .   - ['16102A503000230000QF'], 2450.0
2024-10-21 10:31:25,261 - INFO     ->  16 -  7  -  .   - ['16102A503000320000QX'], 6651.12
2024-10-21 10:31:25,261 - INFO     ->  16 -  8  -  .   - ['16102A504000230000QY'], 1850.0
2024-10-21 10:31:25,262 - INFO     ->  16 -  9  -  .   - ['16102A505000060000QF'], 5300.0
2024-10-21 10:31:25,262 - INFO     ->  16 -  10 -  .   - ['16102A506000280000QS'], 550.0
2024-10-21 10:31:25,262 - INFO     ->  16 -  11 -  .   - ['16102A506000330000QU'], 2100.0
2024-10-21 10:31:25,262 - INFO     ->  16 -  12 -  .   - ['16102A506000510000QM'], 17500.0
2024-10-21 10:31:25,262 - INFO     ->  16 -  13 -  .   - ['16102A507001060000QW'], 380.0
2024-10-21 10:31:25,262 - INFO     ->  16 -  14 -  .   - ['16102A508000290000QT'], 210.0
2024-10-21 10:31:25,262 - INFO     ->  16 -  15 -  .   - ['16102A508000330000QF'], 240.0
2024-10-21 10:31:25,262 - INFO     ->  16 -  16 -  .   - ['16102A508000380000QD'], 209.51
2024-10-21 10:31:25,262 - INFO     ->  16 -  17 -  .   - ['16102A508000490000QH'], 300.0
2024-10-21 10:31:25,262 - INFO     ->  16 -  18 -  .   - ['16102A509000010000QY'], 560.0
2024-10-21 10:31:25,262 - INFO     ->  16 -  19 -  .   - ['16102A510000010000QX'], 4512.8
2024-10-21 10:31:25,262 - INFO     ->  16 -  20 -  .   - ['16102A512000580000QH'], 750.0
2024-10-21 10:31:25,262 - INFO     ->  16 -  21 -  .   - ['16102A512000620000QW'], 200.0
2024-10-21 10:31:25,262 - INFO     ->  16 -  22 -  .   - ['16102A515000470000QS'], 775.0
2024-10-21 10:31:25,262 - INFO     ->  16 -  23 -  .   - ['16233A501000170000OE'], 300.0
2024-10-21 10:31:25,262 - INFO     ->  16 -  24 -  .   - ['16233A501000630000OY'], 10283.18
2024-10-21 10:31:25,262 - INFO     ->  16 -  25 -  .   - ['16233A501000700000OL'], 5834.87
2024-10-21 10:31:25,262 - INFO     ->  16 -  26 -  .   - ['16233A503000150000OG'], 300.0
2024-10-21 10:31:25,262 - INFO     ->  16 -  27 -  .   - ['16233A503000200000OP'], 900.0
2024-10-21 10:31:25,263 - INFO     ->  16 -  28 -  .   - ['16233A503000340000OJ'], 4150.0
2024-10-21 10:31:25,263 - INFO     ->  16 -  29 -  .   - ['16233A506000020000OH'], 6000.0
2024-10-21 10:31:25,263 - INFO     ->  16 -  30 -  .   - ['16233A506000040000OA'], 1050.0
2024-10-21 10:31:25,263 - INFO     ->  16 -  31 -  .   - ['16233A506000060000OY'], 3700.0
2024-10-21 10:31:25,263 - INFO     ->  16 -  32 -  .   - ['16233A506000090000OP'], 400.0
2024-10-21 10:31:25,263 - INFO     ->  16 -  33 -  .   - ['16233A506010010000OS'], 2830.0
2024-10-21 10:31:25,263 - INFO     ->  16 -  34 -  .   - ['16233A506010020000OZ'], 300.0
2024-10-21 10:31:25,263 - INFO     ->  16 -  35 -  .   - ['16233A508000220000OA'], 1383.67
2024-10-21 10:31:25,263 - INFO     ->  16 -  36 -  .   - ['16233A551000250000OZ'], 3650.0
2024-10-21 10:31:25,263 - INFO     ->  16 -  37 -  .   - ['16123A501000250000GW'], 1083.75
2024-10-21 10:31:25,263 - INFO     ->  16 -  38 -  .   - ['16123A511001620000GF'], 1117.75
2024-10-21 10:31:25,263 - INFO     ->  16 -  39 -  .   - ['16123A511000310000GL'], 450.5
2024-10-21 10:31:25,263 - INFO     ->  16 -  40 -  .   - ['16256A510000560000IF'], 2125.0
2024-10-21 10:31:25,263 - INFO     ->  16 -  41 -  .   - ['16256A510000680000IE'], 416.5
2024-10-21 10:31:25,263 - INFO     ->  16 -  42 -  .   - ['16256A513000510000IF'], 892.5
2024-10-21 10:31:25,263 - INFO     ->  16 -  43 -  .   - ['16256A513000520000IM'], 255.0
2024-10-21 10:31:25,263 - INFO     ->  16 -  44 -  .   - ['16256A515000990000IM'], 1275.0
2024-10-21 10:31:25,263 - INFO     ->  16 -  45 -  .   - ['16256A516000450000IO'], 977.5
2024-10-21 10:31:25,263 - INFO     ->  16 -  46 -  .   - ['16256A525000400000II'], 743.75
2024-10-21 10:31:25,263 - INFO     ->  16 -  47 -  .   - ['16233A507000260000OO'], 6375.0
2024-10-21 10:31:25,263 - INFO     ->  16 -  48 -  .   - ['16233A507000300000OK'], 255.0
2024-10-21 10:31:25,264 - INFO     ->  16 -  49 -  .   - ['16256A511000300000IP'], 6502.5
2024-10-21 10:31:25,264 - INFO     ->  16 -  50 -  .   - ['16256A512000650000IY'], 1986.88
2024-10-21 10:31:25,264 - INFO     ->  16 -  51 -  .   - ['16256A516000490000IX'], 1408.88
2024-10-21 10:31:25,264 - INFO     ->  16 -  52 -  .   - ['16256A521000660000ID'], 1192.13
2024-10-21 10:31:25,264 - INFO     ->  16 -  53 -  .   - ['16123A509001370000GM'], 484.08
2024-10-21 10:31:25,264 - WARNING  ->  16 -  54 -  .   - Failed to process the lote 54
2024-10-21 10:31:25,264 - WARNING  ->  16 -  55 -  .   - Failed to process the lote 55
2024-10-21 10:31:25,264 - INFO     ->  16 -  56 -  .   - ['16123A524000410000GW'], 552.71
2024-10-21 10:31:25,264 - INFO     ->  16 -  57 -  .   - ['16123A520001480000GO'], 399.19
2024-10-21 10:31:25,264 - INFO     ->  16 -  58 -  .   - ['16123A508001510000GA', '16123A511010180000GU'], 775.64
2024-10-21 10:31:44,646 - INFO     ->  16 -  1  -  1   - Successfully downloaded PDF and KML of the land '16102A502000230000QX' with coordinates '39°52'25.2"N 1°28'20.2"W' and data: {'localizacion': 'Polígono 502 Parcela 23\nALIAGARES. HENAREJOS (CUENCA)', 'provincia': 'CUENCA', 'municipio': 'HENAREJOS ', 'clase': 'Rústico', 'uso': 'Agrario', 'cultivo': 'E- Pastos'}.
2024-10-21 10:31:51,845 - INFO     ->  16 -  1  -  1   - Land '16102A502000230000QX' is in 'CUENCA' province. More precisely is on 'GARABALLA' locality with C.P. 16312
2024-10-21 10:32:08,839 - INFO     ->  16 -  1  -  1   - Screenshot of the land '16102A502000230000QX' has been taken successfully.
2024-10-21 10:32:28,599 - WARNING  ->  16 -  1  -  1   - The land '16102A502000230000QX' is 'Rústico' but doesn't has a report.
2024-10-21 10:32:28,599 - INFO     ->  16 -  1  -  1   - The land '16102A502000230000QX' has the next value 2957.18. 
2024-10-21 10:32:31,563 - INFO     ->  16 -  1  -  1   - Population info about land '16102A502000230000QX' has been extracted successfully: Now -> 62 /// Five years ago -> 68
2024-10-21 10:32:36,741 - INFO     ->  16 -  1  -  1   - Number of transactions of 'Fincas Rusticas' where land '16102A502000230000QX' is located: Now -> 3724 /// Seven years ago -> 3339
2024-10-21 10:33:02,092 - INFO     ->  16 -  1  -  1   - Enterprises near land '16102A502000230000QX' located on C.P. 16312 have been extracted successfully: ['MONTERO Y GARCIA BROILERS SL.']
2024-10-21 10:33:19,870 - INFO     ->  16 -  1  -  1   - Car and foot distance and time from '16102A502000230000QX' - 'MONTERO Y GARCIA BROILERS SL.' has been extracted successfully.
