2024-10-08 17:35:18,042 - INFO     ->  1  -  .  -  .   - No auctions available
2024-10-08 17:35:18,434 - INFO     ->  2  -  .  -  .   - No auctions available
2024-10-08 17:35:19,360 - INFO     ->  3  -  .  -  .   - No auctions available
2024-10-08 17:35:19,867 - INFO     ->  4  -  .  -  .   - No auctions available
2024-10-08 17:35:20,123 - INFO     ->  5  -  .  -  .   - No auctions available
2024-10-08 17:35:20,400 - INFO     ->  6  -  .  -  .   - Auction retrieved: https://www.hacienda.gob.es/es-ES/Areas%20Tematicas/Patrimonio%20del%20Estado/Gestion%20Patrimonial%20del%20Estado/Paginas/Subastas/DEH-BADAJOZ/Subasta-Bienes-Inmuebles.aspx
2024-10-08 17:35:22,407 - INFO     ->  6  -  .  -  .   - List of lands: https://www.hacienda.gob.es/DGPatrimonio/Gestión%20Patrimonial/subastas/DEH%20BADAJOZ/Pliego-Condiciones-Subasta.pdf.xsig.pdf
2024-10-08 17:35:22,823 - ERROR    ->  6  -  .  -  .   - Failed to proccess auction PDF using get_lotes_data function {e}
Traceback (most recent call last):
  File "/home/miguel/coding-projects/ScrapingFincasHacienda/scrapingFincasHacienda/Hacienda/data_pdf.py", line 25, in get_lotes_data
    text = read_pdf(url_pdf)
           ^^^^^^^^^^^^^^^^^
  File "/home/miguel/coding-projects/ScrapingFincasHacienda/scrapingFincasHacienda/Hacienda/data_pdf.py", line 96, in read_pdf
    response = requests.get(url_pdf)
               ^^^^^^^^^^^^^^^^^^^^^
  File "/home/miguel/coding-projects/ScrapingFincasHacienda/env/lib/python3.12/site-packages/requests/api.py", line 73, in get
    return request("get", url, params=params, **kwargs)
           ^^^^^^^^^^^^^^^^^^^^^^^^^^^^^^^^^^^^^^^^^^^^
  File "/home/miguel/coding-projects/ScrapingFincasHacienda/env/lib/python3.12/site-packages/requests/api.py", line 59, in request
    return session.request(method=method, url=url, **kwargs)
           ^^^^^^^^^^^^^^^^^^^^^^^^^^^^^^^^^^^^^^^^^^^^^^^^^
  File "/home/miguel/coding-projects/ScrapingFincasHacienda/env/lib/python3.12/site-packages/requests/sessions.py", line 575, in request
    prep = self.prepare_request(req)
           ^^^^^^^^^^^^^^^^^^^^^^^^^
  File "/home/miguel/coding-projects/ScrapingFincasHacienda/env/lib/python3.12/site-packages/requests/sessions.py", line 484, in prepare_request
    p.prepare(
  File "/home/miguel/coding-projects/ScrapingFincasHacienda/env/lib/python3.12/site-packages/requests/models.py", line 367, in prepare
    self.prepare_url(url, params)
  File "/home/miguel/coding-projects/ScrapingFincasHacienda/env/lib/python3.12/site-packages/requests/models.py", line 438, in prepare_url
    raise MissingSchema(
requests.exceptions.MissingSchema: Invalid URL '/home/miguel/coding-projects/ScrapingFincasHacienda/data/auction/2024-10-08_Delegation_6.pdf': No scheme supplied. Perhaps you meant https:///home/miguel/coding-projects/ScrapingFincasHacienda/data/auction/2024-10-08_Delegation_6.pdf?
2024-10-08 17:35:23,123 - INFO     ->  7  -  .  -  .   - No auctions available
2024-10-08 17:35:23,347 - INFO     ->  8  -  .  -  .   - No auctions available
2024-10-08 17:35:23,614 - INFO     ->  9  -  .  -  .   - No auctions available
2024-10-08 17:35:23,929 - INFO     ->  10 -  .  -  .   - Auction retrieved: https://www.hacienda.gob.es/es-ES/Areas%20Tematicas/Patrimonio%20del%20Estado/Gestion%20Patrimonial%20del%20Estado/Paginas/Subastas/DEH-CACERES/Subasta-bienes-inmuebles.aspx
2024-10-08 17:35:26,593 - INFO     ->  10 -  .  -  .   - List of lands: https://www.hacienda.gob.es/DGPatrimonio/Gestión%20Patrimonial/subastas/DEH%20CACERES/Pliego.pdf.xsig.pdf
2024-10-08 17:35:26,907 - ERROR    ->  10 -  .  -  .   - Failed to proccess auction PDF using get_lotes_data function {e}
Traceback (most recent call last):
  File "/home/miguel/coding-projects/ScrapingFincasHacienda/scrapingFincasHacienda/Hacienda/data_pdf.py", line 25, in get_lotes_data
    text = read_pdf(url_pdf)
           ^^^^^^^^^^^^^^^^^
  File "/home/miguel/coding-projects/ScrapingFincasHacienda/scrapingFincasHacienda/Hacienda/data_pdf.py", line 96, in read_pdf
    response = requests.get(url_pdf)
               ^^^^^^^^^^^^^^^^^^^^^
  File "/home/miguel/coding-projects/ScrapingFincasHacienda/env/lib/python3.12/site-packages/requests/api.py", line 73, in get
    return request("get", url, params=params, **kwargs)
           ^^^^^^^^^^^^^^^^^^^^^^^^^^^^^^^^^^^^^^^^^^^^
  File "/home/miguel/coding-projects/ScrapingFincasHacienda/env/lib/python3.12/site-packages/requests/api.py", line 59, in request
    return session.request(method=method, url=url, **kwargs)
           ^^^^^^^^^^^^^^^^^^^^^^^^^^^^^^^^^^^^^^^^^^^^^^^^^
  File "/home/miguel/coding-projects/ScrapingFincasHacienda/env/lib/python3.12/site-packages/requests/sessions.py", line 575, in request
    prep = self.prepare_request(req)
           ^^^^^^^^^^^^^^^^^^^^^^^^^
  File "/home/miguel/coding-projects/ScrapingFincasHacienda/env/lib/python3.12/site-packages/requests/sessions.py", line 484, in prepare_request
    p.prepare(
  File "/home/miguel/coding-projects/ScrapingFincasHacienda/env/lib/python3.12/site-packages/requests/models.py", line 367, in prepare
    self.prepare_url(url, params)
  File "/home/miguel/coding-projects/ScrapingFincasHacienda/env/lib/python3.12/site-packages/requests/models.py", line 438, in prepare_url
    raise MissingSchema(
requests.exceptions.MissingSchema: Invalid URL '/home/miguel/coding-projects/ScrapingFincasHacienda/data/auction/2024-10-08_Delegation_10.pdf': No scheme supplied. Perhaps you meant https:///home/miguel/coding-projects/ScrapingFincasHacienda/data/auction/2024-10-08_Delegation_10.pdf?
2024-10-08 17:35:27,166 - INFO     ->  11 -  .  -  .   - Auction retrieved: https://www.hacienda.gob.es/es-ES/Areas%20Tematicas/Patrimonio%20del%20Estado/Gestion%20Patrimonial%20del%20Estado/Paginas/Subastas/Parte-de-casa-Medina-Sidonia-y-piso-en-Jerez-de-la-Frontera.aspx
2024-10-08 17:39:46,103 - INFO     ->  1  -  .  -  .   - No auctions available
2024-10-08 17:39:46,414 - INFO     ->  2  -  .  -  .   - No auctions available
2024-10-08 17:39:47,069 - INFO     ->  3  -  .  -  .   - No auctions available
2024-10-08 17:39:47,688 - INFO     ->  4  -  .  -  .   - No auctions available
2024-10-08 17:39:47,935 - INFO     ->  5  -  .  -  .   - No auctions available
2024-10-08 17:39:48,265 - INFO     ->  6  -  .  -  .   - Auction retrieved: https://www.hacienda.gob.es/es-ES/Areas%20Tematicas/Patrimonio%20del%20Estado/Gestion%20Patrimonial%20del%20Estado/Paginas/Subastas/DEH-BADAJOZ/Subasta-Bienes-Inmuebles.aspx
2024-10-08 17:39:50,302 - INFO     ->  6  -  .  -  .   - List of lands: https://www.hacienda.gob.es/DGPatrimonio/Gestión%20Patrimonial/subastas/DEH%20BADAJOZ/Pliego-Condiciones-Subasta.pdf.xsig.pdf
2024-10-08 17:39:50,611 - ERROR    ->  6  -  .  -  .   - Failed to proccess auction PDF using get_lotes_data function {e}
Traceback (most recent call last):
  File "/home/miguel/coding-projects/ScrapingFincasHacienda/scrapingFincasHacienda/Hacienda/data_pdf.py", line 25, in get_lotes_data
    text = read_pdf(url_pdf)
           ^^^^^^^^^^^^^^^^^
  File "/home/miguel/coding-projects/ScrapingFincasHacienda/scrapingFincasHacienda/Hacienda/data_pdf.py", line 96, in read_pdf
    response = requests.get(url_pdf)
               ^^^^^^^^^^^^^^^^^^^^^
  File "/home/miguel/coding-projects/ScrapingFincasHacienda/env/lib/python3.12/site-packages/requests/api.py", line 73, in get
    return request("get", url, params=params, **kwargs)
           ^^^^^^^^^^^^^^^^^^^^^^^^^^^^^^^^^^^^^^^^^^^^
  File "/home/miguel/coding-projects/ScrapingFincasHacienda/env/lib/python3.12/site-packages/requests/api.py", line 59, in request
    return session.request(method=method, url=url, **kwargs)
           ^^^^^^^^^^^^^^^^^^^^^^^^^^^^^^^^^^^^^^^^^^^^^^^^^
  File "/home/miguel/coding-projects/ScrapingFincasHacienda/env/lib/python3.12/site-packages/requests/sessions.py", line 575, in request
    prep = self.prepare_request(req)
           ^^^^^^^^^^^^^^^^^^^^^^^^^
  File "/home/miguel/coding-projects/ScrapingFincasHacienda/env/lib/python3.12/site-packages/requests/sessions.py", line 484, in prepare_request
    p.prepare(
  File "/home/miguel/coding-projects/ScrapingFincasHacienda/env/lib/python3.12/site-packages/requests/models.py", line 367, in prepare
    self.prepare_url(url, params)
  File "/home/miguel/coding-projects/ScrapingFincasHacienda/env/lib/python3.12/site-packages/requests/models.py", line 438, in prepare_url
    raise MissingSchema(
requests.exceptions.MissingSchema: Invalid URL 'url': No scheme supplied. Perhaps you meant https://url?
2024-10-08 17:39:50,854 - INFO     ->  7  -  .  -  .   - No auctions available
2024-10-08 17:39:51,083 - INFO     ->  8  -  .  -  .   - No auctions available
2024-10-08 17:39:51,334 - INFO     ->  9  -  .  -  .   - No auctions available
2024-10-08 17:39:51,599 - INFO     ->  10 -  .  -  .   - Auction retrieved: https://www.hacienda.gob.es/es-ES/Areas%20Tematicas/Patrimonio%20del%20Estado/Gestion%20Patrimonial%20del%20Estado/Paginas/Subastas/DEH-CACERES/Subasta-bienes-inmuebles.aspx
2024-10-08 17:43:14,571 - INFO     ->  1  -  .  -  .   - No auctions available
2024-10-08 17:43:15,240 - INFO     ->  2  -  .  -  .   - No auctions available
2024-10-08 17:43:15,618 - INFO     ->  3  -  .  -  .   - No auctions available
2024-10-08 17:43:16,285 - INFO     ->  4  -  .  -  .   - No auctions available
2024-10-08 17:43:16,559 - INFO     ->  5  -  .  -  .   - No auctions available
2024-10-08 17:43:16,857 - INFO     ->  6  -  .  -  .   - Auction retrieved: https://www.hacienda.gob.es/es-ES/Areas%20Tematicas/Patrimonio%20del%20Estado/Gestion%20Patrimonial%20del%20Estado/Paginas/Subastas/DEH-BADAJOZ/Subasta-Bienes-Inmuebles.aspx
2024-10-08 17:43:18,544 - INFO     ->  6  -  .  -  .   - List of lands: https://www.hacienda.gob.es/DGPatrimonio/Gestión%20Patrimonial/subastas/DEH%20BADAJOZ/Pliego-Condiciones-Subasta.pdf.xsig.pdf
2024-10-08 17:43:20,583 - INFO     ->  6  -  1  -  .   - ['5578801QC0257N0001UE'], 94987.0
2024-10-08 17:43:20,583 - INFO     ->  6  -  2  -  .   - ['5218075QC5751N0001DO', '5218075QC5751N0001DO'], 6070.0
2024-10-08 17:43:20,583 - INFO     ->  6  -  3  -  .   - ['2889408TJ6028N0001IU'], 11040.0
2024-10-08 17:43:20,583 - INFO     ->  6  -  4  -  .   - ['2115027QC3721N0001GL', '2115027QC3721N0001GL'], 85683.0
2024-10-08 17:43:20,584 - INFO     ->  6  -  5  -  .   - ['1902406PC9510S0001XO', '06063A003090070000AG'], 4185.0
2024-10-08 17:43:44,373 - INFO     ->  6  -  1  -  1   - Successfully downloaded PDF and KML of the land '5578801QC0257N0001UE' with coordinates '38°10'23.4"N 6°39'18.1"W' and data: {'localizacion': 'CL REMEDIOS LOS 59\n06340 FREGENAL DE LA SIERRA (BADAJOZ)', 'municipio': <regex.Match object; span=(19, 56), match='06340 FREGENAL DE LA SIERRA (BADAJOZ)'>, 'clase': 'Urbano', 'uso': 'AlmEst.UsoRESID', 'cultivo': None}.
2024-10-08 17:46:30,285 - INFO     ->  1  -  .  -  .   - No auctions available
2024-10-08 17:46:31,099 - INFO     ->  2  -  .  -  .   - No auctions available
2024-10-08 17:46:31,405 - INFO     ->  3  -  .  -  .   - No auctions available
2024-10-08 17:46:31,704 - INFO     ->  4  -  .  -  .   - No auctions available
2024-10-08 17:46:32,126 - INFO     ->  5  -  .  -  .   - No auctions available
2024-10-08 17:46:32,617 - INFO     ->  6  -  .  -  .   - Auction retrieved: https://www.hacienda.gob.es/es-ES/Areas%20Tematicas/Patrimonio%20del%20Estado/Gestion%20Patrimonial%20del%20Estado/Paginas/Subastas/DEH-BADAJOZ/Subasta-Bienes-Inmuebles.aspx
2024-10-08 17:46:34,329 - INFO     ->  6  -  .  -  .   - List of lands: https://www.hacienda.gob.es/DGPatrimonio/Gestión%20Patrimonial/subastas/DEH%20BADAJOZ/Pliego-Condiciones-Subasta.pdf.xsig.pdf
2024-10-08 17:46:36,256 - INFO     ->  6  -  1  -  .   - ['5578801QC0257N0001UE'], 94987.0
2024-10-08 17:46:36,257 - INFO     ->  6  -  2  -  .   - ['5218075QC5751N0001DO', '5218075QC5751N0001DO'], 6070.0
2024-10-08 17:46:36,257 - INFO     ->  6  -  3  -  .   - ['2889408TJ6028N0001IU'], 11040.0
2024-10-08 17:46:36,257 - INFO     ->  6  -  4  -  .   - ['2115027QC3721N0001GL', '2115027QC3721N0001GL'], 85683.0
2024-10-08 17:46:36,257 - INFO     ->  6  -  5  -  .   - ['1902406PC9510S0001XO', '06063A003090070000AG'], 4185.0
2024-10-08 17:46:58,747 - INFO     ->  6  -  1  -  1   - Successfully downloaded PDF and KML of the land '5578801QC0257N0001UE' with coordinates '38°10'23.4"N 6°39'18.1"W' and data: {'localizacion': 'CL REMEDIOS LOS 59\n06340 FREGENAL DE LA SIERRA (BADAJOZ)', 'municipio': 'BADAJOZ', 'clase': 'Urbano', 'uso': 'AlmEst.UsoRESID', 'cultivo': None}.
2024-10-08 17:59:08,733 - INFO     ->  1  -  .  -  .   - No auctions available
2024-10-08 17:59:09,087 - INFO     ->  2  -  .  -  .   - No auctions available
2024-10-08 17:59:09,690 - INFO     ->  3  -  .  -  .   - No auctions available
2024-10-08 17:59:09,941 - INFO     ->  4  -  .  -  .   - No auctions available
2024-10-08 17:59:10,230 - INFO     ->  5  -  .  -  .   - No auctions available
2024-10-08 17:59:10,517 - INFO     ->  6  -  .  -  .   - Auction retrieved: https://www.hacienda.gob.es/es-ES/Areas%20Tematicas/Patrimonio%20del%20Estado/Gestion%20Patrimonial%20del%20Estado/Paginas/Subastas/DEH-BADAJOZ/Subasta-Bienes-Inmuebles.aspx
2024-10-08 17:59:12,344 - INFO     ->  6  -  .  -  .   - List of lands: https://www.hacienda.gob.es/DGPatrimonio/Gestión%20Patrimonial/subastas/DEH%20BADAJOZ/Pliego-Condiciones-Subasta.pdf.xsig.pdf
2024-10-08 17:59:14,176 - INFO     ->  6  -  1  -  .   - ['5578801QC0257N0001UE'], 94987.0
2024-10-08 17:59:14,176 - INFO     ->  6  -  2  -  .   - ['5218075QC5751N0001DO', '5218075QC5751N0001DO'], 6070.0
2024-10-08 17:59:14,176 - INFO     ->  6  -  3  -  .   - ['2889408TJ6028N0001IU'], 11040.0
2024-10-08 17:59:14,176 - INFO     ->  6  -  4  -  .   - ['2115027QC3721N0001GL', '2115027QC3721N0001GL'], 85683.0
2024-10-08 17:59:14,176 - INFO     ->  6  -  5  -  .   - ['1902406PC9510S0001XO', '06063A003090070000AG'], 4185.0
2024-10-08 17:59:37,719 - INFO     ->  6  -  1  -  1   - Successfully downloaded PDF and KML of the land '5578801QC0257N0001UE' with coordinates '38°10'23.4"N 6°39'18.1"W' and data: {'localizacion': 'CL REMEDIOS LOS 59\n06340 FREGENAL DE LA SIERRA (BADAJOZ)', 'municipio': 'BADAJOZ', 'clase': 'Urbano', 'uso': 'AlmEst.UsoRESID', 'cultivo': None}.
2024-10-08 18:01:41,996 - INFO     ->  1  -  .  -  .   - No auctions available
2024-10-08 18:01:42,350 - INFO     ->  2  -  .  -  .   - No auctions available
2024-10-08 18:01:42,651 - INFO     ->  3  -  .  -  .   - No auctions available
2024-10-08 18:01:42,961 - INFO     ->  4  -  .  -  .   - No auctions available
2024-10-08 18:01:43,301 - INFO     ->  5  -  .  -  .   - No auctions available
2024-10-08 18:01:43,593 - INFO     ->  6  -  .  -  .   - Auction retrieved: https://www.hacienda.gob.es/es-ES/Areas%20Tematicas/Patrimonio%20del%20Estado/Gestion%20Patrimonial%20del%20Estado/Paginas/Subastas/DEH-BADAJOZ/Subasta-Bienes-Inmuebles.aspx
2024-10-08 18:01:45,350 - INFO     ->  6  -  .  -  .   - List of lands: https://www.hacienda.gob.es/DGPatrimonio/Gestión%20Patrimonial/subastas/DEH%20BADAJOZ/Pliego-Condiciones-Subasta.pdf.xsig.pdf
2024-10-08 18:01:47,262 - INFO     ->  6  -  1  -  .   - ['5578801QC0257N0001UE'], 94987.0
2024-10-08 18:01:47,262 - INFO     ->  6  -  2  -  .   - ['5218075QC5751N0001DO', '5218075QC5751N0001DO'], 6070.0
2024-10-08 18:01:47,267 - INFO     ->  6  -  3  -  .   - ['2889408TJ6028N0001IU'], 11040.0
2024-10-08 18:01:47,267 - INFO     ->  6  -  4  -  .   - ['2115027QC3721N0001GL', '2115027QC3721N0001GL'], 85683.0
2024-10-08 18:01:47,267 - INFO     ->  6  -  5  -  .   - ['1902406PC9510S0001XO', '06063A003090070000AG'], 4185.0
2024-10-08 18:02:07,381 - INFO     ->  6  -  1  -  1   - Successfully downloaded PDF and KML of the land '5578801QC0257N0001UE' with coordinates '38°10'23.4"N 6°39'18.1"W' and data: {'localizacion': 'CL REMEDIOS LOS 59\n06340 FREGENAL DE LA SIERRA (BADAJOZ)', 'municipio': 'BADAJOZ', 'clase': 'Urbano', 'uso': 'AlmEst.UsoRESID', 'cultivo': None}.
2024-10-08 18:02:29,820 - INFO     ->  6  -  1  -  1   - Land '5578801QC0257N0001UE' is in 'BADAJOZ' province. More precisely is on 'FREGENAL DE LA SIERRA' locality with C.P. 06340
2024-10-08 18:06:18,739 - INFO     ->  1  -  .  -  .   - No auctions available
2024-10-08 18:06:19,565 - INFO     ->  2  -  .  -  .   - No auctions available
2024-10-08 18:06:19,806 - INFO     ->  3  -  .  -  .   - No auctions available
2024-10-08 18:06:20,027 - INFO     ->  4  -  .  -  .   - No auctions available
2024-10-08 18:06:20,274 - INFO     ->  5  -  .  -  .   - No auctions available
2024-10-08 18:06:20,539 - INFO     ->  6  -  .  -  .   - Auction retrieved: https://www.hacienda.gob.es/es-ES/Areas%20Tematicas/Patrimonio%20del%20Estado/Gestion%20Patrimonial%20del%20Estado/Paginas/Subastas/DEH-BADAJOZ/Subasta-Bienes-Inmuebles.aspx
2024-10-08 18:06:22,268 - INFO     ->  6  -  .  -  .   - List of lands: https://www.hacienda.gob.es/DGPatrimonio/Gestión%20Patrimonial/subastas/DEH%20BADAJOZ/Pliego-Condiciones-Subasta.pdf.xsig.pdf
2024-10-08 18:06:24,308 - INFO     ->  6  -  1  -  .   - ['5578801QC0257N0001UE'], 94987.0
2024-10-08 18:06:24,308 - INFO     ->  6  -  2  -  .   - ['5218075QC5751N0001DO', '5218075QC5751N0001DO'], 6070.0
2024-10-08 18:06:24,308 - INFO     ->  6  -  3  -  .   - ['2889408TJ6028N0001IU'], 11040.0
2024-10-08 18:06:24,308 - INFO     ->  6  -  4  -  .   - ['2115027QC3721N0001GL', '2115027QC3721N0001GL'], 85683.0
2024-10-08 18:06:24,308 - INFO     ->  6  -  5  -  .   - ['1902406PC9510S0001XO', '06063A003090070000AG'], 4185.0
2024-10-08 18:06:48,652 - INFO     ->  6  -  1  -  1   - Successfully downloaded PDF and KML of the land '5578801QC0257N0001UE' with coordinates '38°10'23.4"N 6°39'18.1"W' and data: {'localizacion': 'CL REMEDIOS LOS 59\n06340 FREGENAL DE LA SIERRA (BADAJOZ)', 'municipio': 'BADAJOZ', 'clase': 'Urbano', 'uso': 'AlmEst.UsoRESID', 'cultivo': None}.
2024-10-08 18:07:09,440 - INFO     ->  6  -  1  -  1   - Land '5578801QC0257N0001UE' is in 'BADAJOZ' province. More precisely is on 'FREGENAL DE LA SIERRA' locality with C.P. 06340
2024-10-08 18:07:17,062 - INFO     ->  6  -  1  -  1   - Screenshot of the land '5578801QC0257N0001UE' has been taken successfully.
2024-10-08 18:11:05,048 - INFO     ->  6  -  1  -  1   - Screenshot of the land '5578801QC0257N0001UE' has been taken successfully.
2024-10-08 18:19:52,232 - INFO     ->  1  -  .  -  .   - No auctions available
2024-10-08 18:19:52,965 - INFO     ->  2  -  .  -  .   - No auctions available
2024-10-08 18:19:53,688 - INFO     ->  3  -  .  -  .   - No auctions available
2024-10-08 18:19:55,001 - INFO     ->  4  -  .  -  .   - No auctions available
2024-10-08 18:19:55,325 - INFO     ->  5  -  .  -  .   - No auctions available
2024-10-08 18:19:55,629 - INFO     ->  6  -  .  -  .   - Auction retrieved: https://www.hacienda.gob.es/es-ES/Areas%20Tematicas/Patrimonio%20del%20Estado/Gestion%20Patrimonial%20del%20Estado/Paginas/Subastas/DEH-BADAJOZ/Subasta-Bienes-Inmuebles.aspx
2024-10-08 18:19:57,906 - INFO     ->  6  -  .  -  .   - List of lands: https://www.hacienda.gob.es/DGPatrimonio/Gestión%20Patrimonial/subastas/DEH%20BADAJOZ/Pliego-Condiciones-Subasta.pdf.xsig.pdf
2024-10-08 18:19:59,998 - INFO     ->  6  -  1  -  .   - ['5578801QC0257N0001UE'], 94987.0
2024-10-08 18:19:59,998 - INFO     ->  6  -  2  -  .   - ['5218075QC5751N0001DO', '5218075QC5751N0001DO'], 6070.0
2024-10-08 18:19:59,998 - INFO     ->  6  -  3  -  .   - ['2889408TJ6028N0001IU'], 11040.0
2024-10-08 18:19:59,998 - INFO     ->  6  -  4  -  .   - ['2115027QC3721N0001GL', '2115027QC3721N0001GL'], 85683.0
2024-10-08 18:19:59,998 - INFO     ->  6  -  5  -  .   - ['1902406PC9510S0001XO', '06063A003090070000AG'], 4185.0
2024-10-08 18:20:23,132 - INFO     ->  6  -  1  -  1   - Successfully downloaded PDF and KML of the land '5578801QC0257N0001UE' with coordinates '38°10'23.4"N 6°39'18.1"W' and data: {'localizacion': 'CL REMEDIOS LOS 59\n06340 FREGENAL DE LA SIERRA (BADAJOZ)', 'municipio': 'BADAJOZ', 'clase': 'Urbano', 'uso': 'AlmEst.UsoRESID', 'cultivo': None}.
2024-10-08 18:20:45,127 - INFO     ->  6  -  1  -  1   - Land '5578801QC0257N0001UE' is in 'BADAJOZ' province. More precisely is on 'FREGENAL DE LA SIERRA' locality with C.P. 06340
2024-10-08 18:20:58,054 - INFO     ->  6  -  1  -  1   - Screenshot of the land '5578801QC0257N0001UE' has been taken successfully.
2024-10-08 18:27:01,179 - INFO     ->  1  -  .  -  .   - No auctions available
2024-10-08 18:27:01,886 - INFO     ->  2  -  .  -  .   - No auctions available
2024-10-08 18:27:02,859 - INFO     ->  3  -  .  -  .   - No auctions available
2024-10-08 18:27:03,483 - INFO     ->  4  -  .  -  .   - No auctions available
2024-10-08 18:27:03,956 - INFO     ->  5  -  .  -  .   - No auctions available
2024-10-08 18:27:04,239 - INFO     ->  6  -  .  -  .   - Auction retrieved: https://www.hacienda.gob.es/es-ES/Areas%20Tematicas/Patrimonio%20del%20Estado/Gestion%20Patrimonial%20del%20Estado/Paginas/Subastas/DEH-BADAJOZ/Subasta-Bienes-Inmuebles.aspx
2024-10-08 18:27:06,381 - INFO     ->  6  -  .  -  .   - List of lands: https://www.hacienda.gob.es/DGPatrimonio/Gestión%20Patrimonial/subastas/DEH%20BADAJOZ/Pliego-Condiciones-Subasta.pdf.xsig.pdf
2024-10-08 18:27:08,307 - INFO     ->  6  -  1  -  .   - ['5578801QC0257N0001UE'], 94987.0
2024-10-08 18:27:08,307 - INFO     ->  6  -  2  -  .   - ['5218075QC5751N0001DO', '5218075QC5751N0001DO'], 6070.0
2024-10-08 18:27:08,307 - INFO     ->  6  -  3  -  .   - ['2889408TJ6028N0001IU'], 11040.0
2024-10-08 18:27:08,307 - INFO     ->  6  -  4  -  .   - ['2115027QC3721N0001GL', '2115027QC3721N0001GL'], 85683.0
2024-10-08 18:27:08,307 - INFO     ->  6  -  5  -  .   - ['1902406PC9510S0001XO', '06063A003090070000AG'], 4185.0
2024-10-08 18:27:30,741 - INFO     ->  6  -  1  -  1   - Successfully downloaded PDF and KML of the land '5578801QC0257N0001UE' with coordinates '38°10'23.4"N 6°39'18.1"W' and data: {'localizacion': 'CL REMEDIOS LOS 59\n06340 FREGENAL DE LA SIERRA (BADAJOZ)', 'municipio': 'BADAJOZ', 'clase': 'Urbano', 'uso': 'AlmEst.UsoRESID', 'cultivo': None}.
2024-10-08 18:27:51,241 - INFO     ->  6  -  1  -  1   - Land '5578801QC0257N0001UE' is in 'BADAJOZ' province. More precisely is on 'FREGENAL DE LA SIERRA' locality with C.P. 06340
2024-10-08 18:28:04,807 - INFO     ->  6  -  1  -  1   - Screenshot of the land '5578801QC0257N0001UE' has been taken successfully.
2024-10-08 18:28:22,297 - ERROR    ->  6  -  1  -  1   - Failed to get the reference value and the 'Report PDF' of the land '5578801QC0257N0001UE'
Traceback (most recent call last):
  File "/home/miguel/coding-projects/ScrapingFincasHacienda/scrapingFincasHacienda/Catastro/report.py", line 88, in get_data
    self.__access_query_value_page()
  File "/home/miguel/coding-projects/ScrapingFincasHacienda/scrapingFincasHacienda/Catastro/report.py", line 153, in __access_query_value_page
    query_value_button.click()
  File "/home/miguel/coding-projects/ScrapingFincasHacienda/env/lib/python3.12/site-packages/selenium/webdriver/remote/webelement.py", line 94, in click
    self._execute(Command.CLICK_ELEMENT)
  File "/home/miguel/coding-projects/ScrapingFincasHacienda/env/lib/python3.12/site-packages/selenium/webdriver/remote/webelement.py", line 395, in _execute
    return self._parent.execute(command, params)
           ^^^^^^^^^^^^^^^^^^^^^^^^^^^^^^^^^^^^^
  File "/home/miguel/coding-projects/ScrapingFincasHacienda/env/lib/python3.12/site-packages/selenium/webdriver/remote/webdriver.py", line 354, in execute
    self.error_handler.check_response(response)
  File "/home/miguel/coding-projects/ScrapingFincasHacienda/env/lib/python3.12/site-packages/selenium/webdriver/remote/errorhandler.py", line 229, in check_response
    raise exception_class(message, screen, stacktrace)
selenium.common.exceptions.ElementNotInteractableException: Message: element not interactable
  (Session info: chrome=128.0.6613.113)
Stacktrace:
#0 0x5937b45d62da <unknown>
#1 0x5937b42a4041 <unknown>
#2 0x5937b42f4d3f <unknown>
#3 0x5937b42e88c6 <unknown>
#4 0x5937b43188d2 <unknown>
#5 0x5937b42e8279 <unknown>
#6 0x5937b4318a9e <unknown>
#7 0x5937b4336dfd <unknown>
#8 0x5937b4318673 <unknown>
#9 0x5937b42e6473 <unknown>
#10 0x5937b42e747e <unknown>
#11 0x5937b459d0db <unknown>
#12 0x5937b45a1071 <unknown>
#13 0x5937b45899d5 <unknown>
#14 0x5937b45a1bf2 <unknown>
#15 0x5937b456eb6f <unknown>
#16 0x5937b45c5248 <unknown>
#17 0x5937b45c5417 <unknown>
#18 0x5937b45d50cc <unknown>
#19 0x7add2788e39d <unknown>
#20 0x7add2791349c <unknown>

2024-10-08 18:44:40,609 - INFO     ->  1  -  .  -  .   - No auctions available
2024-10-08 18:44:41,236 - INFO     ->  2  -  .  -  .   - No auctions available
2024-10-08 18:44:42,144 - INFO     ->  3  -  .  -  .   - No auctions available
2024-10-08 18:44:42,715 - INFO     ->  4  -  .  -  .   - No auctions available
2024-10-08 18:44:42,958 - INFO     ->  5  -  .  -  .   - No auctions available
2024-10-08 18:44:43,197 - INFO     ->  6  -  .  -  .   - Auction retrieved: https://www.hacienda.gob.es/es-ES/Areas%20Tematicas/Patrimonio%20del%20Estado/Gestion%20Patrimonial%20del%20Estado/Paginas/Subastas/DEH-BADAJOZ/Subasta-Bienes-Inmuebles.aspx
2024-10-08 18:44:44,984 - INFO     ->  6  -  .  -  .   - List of lands: https://www.hacienda.gob.es/DGPatrimonio/Gestión%20Patrimonial/subastas/DEH%20BADAJOZ/Pliego-Condiciones-Subasta.pdf.xsig.pdf
2024-10-08 18:44:46,902 - INFO     ->  6  -  1  -  .   - ['5578801QC0257N0001UE'], 94987.0
2024-10-08 18:44:46,902 - INFO     ->  6  -  2  -  .   - ['5218075QC5751N0001DO', '5218075QC5751N0001DO'], 6070.0
2024-10-08 18:44:46,902 - INFO     ->  6  -  3  -  .   - ['2889408TJ6028N0001IU'], 11040.0
2024-10-08 18:44:46,902 - INFO     ->  6  -  4  -  .   - ['2115027QC3721N0001GL', '2115027QC3721N0001GL'], 85683.0
2024-10-08 18:44:46,902 - INFO     ->  6  -  5  -  .   - ['1902406PC9510S0001XO', '06063A003090070000AG'], 4185.0
2024-10-08 18:45:15,526 - INFO     ->  6  -  1  -  1   - Successfully downloaded PDF and KML of the land '5578801QC0257N0001UE' with coordinates '38°10'23.4"N 6°39'18.1"W' and data: {'localizacion': 'CL REMEDIOS LOS 59\n06340 FREGENAL DE LA SIERRA (BADAJOZ)', 'municipio': 'BADAJOZ', 'clase': 'Urbano', 'uso': 'AlmEst.UsoRESID', 'cultivo': None}.
2024-10-08 18:45:36,380 - INFO     ->  6  -  1  -  1   - Land '5578801QC0257N0001UE' is in 'BADAJOZ' province. More precisely is on 'FREGENAL DE LA SIERRA' locality with C.P. 06340
2024-10-08 18:45:50,457 - INFO     ->  6  -  1  -  1   - Screenshot of the land '5578801QC0257N0001UE' has been taken successfully.
2024-10-08 18:45:56,387 - INFO     ->  6  -  1  -  1   - The land '5578801QC0257N0001UE' has the next value None. 
2024-10-08 18:45:59,602 - ERROR    ->  6  -  2  -  1   - Failed to get data from land '5218075QC5751N0001DO'
Traceback (most recent call last):
  File "/home/miguel/coding-projects/ScrapingFincasHacienda/scrapingFincasHacienda/Catastro/catastro.py", line 81, in get_data
    self.__search()
  File "/home/miguel/coding-projects/ScrapingFincasHacienda/scrapingFincasHacienda/Catastro/catastro.py", line 132, in __search
    self.__close_cookies()
  File "/home/miguel/coding-projects/ScrapingFincasHacienda/scrapingFincasHacienda/Catastro/catastro.py", line 294, in __close_cookies
    button_cookie = self.find_element(
                    ^^^^^^^^^^^^^^^^^^
  File "/home/miguel/coding-projects/ScrapingFincasHacienda/env/lib/python3.12/site-packages/selenium/webdriver/remote/webdriver.py", line 748, in find_element
    return self.execute(Command.FIND_ELEMENT, {"using": by, "value": value})["value"]
           ^^^^^^^^^^^^^^^^^^^^^^^^^^^^^^^^^^^^^^^^^^^^^^^^^^^^^^^^^^^^^^^^^
  File "/home/miguel/coding-projects/ScrapingFincasHacienda/env/lib/python3.12/site-packages/selenium/webdriver/remote/webdriver.py", line 354, in execute
    self.error_handler.check_response(response)
  File "/home/miguel/coding-projects/ScrapingFincasHacienda/env/lib/python3.12/site-packages/selenium/webdriver/remote/errorhandler.py", line 229, in check_response
    raise exception_class(message, screen, stacktrace)
selenium.common.exceptions.NoSuchWindowException: Message: no such window: target window already closed
from unknown error: web view not found
  (Session info: chrome=128.0.6613.113)
Stacktrace:
#0 0x63498f9bc2da <unknown>
#1 0x63498f68a200 <unknown>
#2 0x63498f65fa1f <unknown>
#3 0x63498f706eed <unknown>
#4 0x63498f71c6a9 <unknown>
#5 0x63498f6fe673 <unknown>
#6 0x63498f6cc473 <unknown>
#7 0x63498f6cd47e <unknown>
#8 0x63498f9830db <unknown>
#9 0x63498f987071 <unknown>
#10 0x63498f96f9d5 <unknown>
#11 0x63498f987bf2 <unknown>
#12 0x63498f954b6f <unknown>
#13 0x63498f9ab248 <unknown>
#14 0x63498f9ab417 <unknown>
#15 0x63498f9bb0cc <unknown>
#16 0x71cf9288c39d <unknown>
#17 0x71cf9291149c <unknown>

2024-10-08 18:46:01,725 - ERROR    ->  6  -  2  -  2   - Failed to get data from land '5218075QC5751N0001DO'
Traceback (most recent call last):
  File "/home/miguel/coding-projects/ScrapingFincasHacienda/scrapingFincasHacienda/Catastro/catastro.py", line 81, in get_data
    self.__search()
  File "/home/miguel/coding-projects/ScrapingFincasHacienda/scrapingFincasHacienda/Catastro/catastro.py", line 132, in __search
    self.__close_cookies()
  File "/home/miguel/coding-projects/ScrapingFincasHacienda/scrapingFincasHacienda/Catastro/catastro.py", line 294, in __close_cookies
    button_cookie = self.find_element(
                    ^^^^^^^^^^^^^^^^^^
  File "/home/miguel/coding-projects/ScrapingFincasHacienda/env/lib/python3.12/site-packages/selenium/webdriver/remote/webdriver.py", line 748, in find_element
    return self.execute(Command.FIND_ELEMENT, {"using": by, "value": value})["value"]
           ^^^^^^^^^^^^^^^^^^^^^^^^^^^^^^^^^^^^^^^^^^^^^^^^^^^^^^^^^^^^^^^^^
  File "/home/miguel/coding-projects/ScrapingFincasHacienda/env/lib/python3.12/site-packages/selenium/webdriver/remote/webdriver.py", line 354, in execute
    self.error_handler.check_response(response)
  File "/home/miguel/coding-projects/ScrapingFincasHacienda/env/lib/python3.12/site-packages/selenium/webdriver/remote/errorhandler.py", line 229, in check_response
    raise exception_class(message, screen, stacktrace)
selenium.common.exceptions.NoSuchWindowException: Message: no such window: target window already closed
from unknown error: web view not found
  (Session info: chrome=128.0.6613.113)
Stacktrace:
#0 0x610f656ae2da <unknown>
#1 0x610f6537c200 <unknown>
#2 0x610f65351a1f <unknown>
#3 0x610f653f8eed <unknown>
#4 0x610f6540e6a9 <unknown>
#5 0x610f653f0673 <unknown>
#6 0x610f653be473 <unknown>
#7 0x610f653bf47e <unknown>
#8 0x610f656750db <unknown>
#9 0x610f65679071 <unknown>
#10 0x610f656619d5 <unknown>
#11 0x610f65679bf2 <unknown>
#12 0x610f65646b6f <unknown>
#13 0x610f6569d248 <unknown>
#14 0x610f6569d417 <unknown>
#15 0x610f656ad0cc <unknown>
#16 0x79ced6afc39d <unknown>
#17 0x79ced6b8149c <unknown>

