2024-08-25 14:34:48,695 - INFO     ->  1  -  .  -  .   - No auctions available
2024-08-25 14:34:49,891 - INFO     ->  2  -  .  -  .   - No auctions available
2024-08-25 14:34:50,625 - INFO     ->  3  -  .  -  .   - No auctions available
2024-08-25 14:34:51,503 - INFO     ->  4  -  .  -  .   - No auctions available
2024-08-25 14:34:51,780 - INFO     ->  5  -  .  -  .   - No auctions available
2024-08-25 14:34:52,059 - INFO     ->  6  -  .  -  .   - No auctions available
2024-08-25 14:34:52,316 - INFO     ->  7  -  .  -  .   - No auctions available
2024-08-25 14:34:52,594 - INFO     ->  8  -  .  -  .   - No auctions available
2024-08-25 14:34:52,856 - INFO     ->  9  -  .  -  .   - No auctions available
2024-08-25 14:34:53,148 - INFO     ->  10 -  .  -  .   - No auctions available
2024-08-25 14:34:53,448 - INFO     ->  11 -  .  -  .   - Auction retrieved: https://www.hacienda.gob.es/es-ES/Areas%20Tematicas/Patrimonio%20del%20Estado/Gestion%20Patrimonial%20del%20Estado/Paginas/Subastas/Parte-de-casa-Medina-Sidonia-y-piso-en-Jerez-de-la-Frontera.aspx
2024-08-25 14:34:54,944 - INFO     ->  11 -  .  -  .   - List of lands: https://www.hacienda.gob.es/DGPatrimonio/Gestión%20Patrimonial/subastas/DEH-CADIZ/Pliego%20de%20condiciones.pdf.xsig.pdf
2024-08-25 14:34:56,161 - WARNING  ->  11 -  1  -  .   - Failed to process the lote 1
2024-08-25 14:34:56,162 - WARNING  ->  11 -  2  -  .   - Failed to process the lote 2
2024-08-25 14:34:56,420 - INFO     ->  12 -  .  -  .   - No auctions available
2024-08-25 14:34:56,671 - INFO     ->  13 -  .  -  .   - No auctions available
2024-08-25 14:34:56,926 - INFO     ->  14 -  .  -  .   - No auctions available
2024-08-25 14:34:57,185 - INFO     ->  15 -  .  -  .   - No auctions available
2024-08-25 14:34:57,457 - INFO     ->  16 -  .  -  .   - Auction retrieved: https://www.hacienda.gob.es/es-ES/Areas%20Tematicas/Patrimonio%20del%20Estado/Gestion%20Patrimonial%20del%20Estado/Paginas/Subastas/DEH-CUENCA-Subasta-publica.aspx
2024-08-25 14:34:59,285 - INFO     ->  16 -  .  -  .   - List of lands: https://www.hacienda.gob.es/DGPatrimonio/Gestión%20Patrimonial/subastas/DEH_CUENCA/Pliego%20de%20condiciones.pdf
2024-08-25 14:35:00,976 - INFO     ->  16 -  1  -  .   - ['16123A501000250000GW'], 1275.0
2024-08-25 14:35:00,977 - INFO     ->  16 -  2  -  .   - ['16123A511001620000GF'], 1315.0
2024-08-25 14:35:00,977 - INFO     ->  16 -  3  -  .   - ['16123A511000310000GL'], 530.0
2024-08-25 14:35:00,977 - INFO     ->  16 -  4  -  .   - ['16256A510000560000IF'], 2500.0
2024-08-25 14:35:00,977 - INFO     ->  16 -  5  -  .   - ['16256A510000680000IE'], 490.0
2024-08-25 14:35:00,977 - INFO     ->  16 -  6  -  .   - ['16256A513000510000IF'], 1050.0
2024-08-25 14:35:00,977 - INFO     ->  16 -  7  -  .   - ['16256A513000520000IM'], 300.0
2024-08-25 14:35:00,977 - INFO     ->  16 -  8  -  .   - ['16256A515000990000IM'], 1500.0
2024-08-25 14:35:00,977 - INFO     ->  16 -  9  -  .   - ['16256A516000450000IO'], 1150.0
2024-08-25 14:35:00,977 - INFO     ->  16 -  10 -  .   - ['16256A525000400000II'], 875.0
2024-08-25 14:35:00,977 - INFO     ->  16 -  11 -  .   - ['16256A528000070000IW'], 1500.0
2024-08-25 14:35:00,977 - INFO     ->  16 -  12 -  .   - ['16233A507000260000OO'], 7500.0
2024-08-25 14:35:00,977 - INFO     ->  16 -  13 -  .   - ['16233A507000300000OK'], 300.0
2024-08-25 14:35:00,977 - INFO     ->  16 -  14 -  .   - ['16256A511000300000IP'], 7650.0
2024-08-25 14:35:00,977 - INFO     ->  16 -  15 -  .   - ['16256A512000650000IY'], 2337.5
2024-08-25 14:35:00,977 - INFO     ->  16 -  16 -  .   - ['16256A516000490000IX'], 1657.5
2024-08-25 14:35:00,977 - INFO     ->  16 -  17 -  .   - ['16256A521000660000ID'], 1402.5
2024-08-25 14:35:00,977 - INFO     ->  16 -  18 -  .   - ['16123A509001370000GM'], 569.5
2024-08-25 14:35:00,977 - WARNING  ->  16 -  19 -  .   - Failed to process the lote 19
2024-08-25 14:35:00,977 - WARNING  ->  16 -  20 -  .   - Failed to process the lote 20
2024-08-25 14:35:00,977 - INFO     ->  16 -  21 -  .   - ['16123A524000410000GW'], 650.25
2024-08-25 14:35:00,977 - INFO     ->  16 -  22 -  .   - ['16123A520001480000GO'], 469.63
2024-08-25 14:35:00,977 - INFO     ->  16 -  23 -  .   - ['16123A508001510000GA', '16123A511010180000GU', '16098A021001230000DF'], 912.52
2024-08-25 14:35:00,978 - INFO     ->  16 -  24 -  .   - ['16091A507000790000UY'], 276.36
2024-08-25 14:35:00,978 - INFO     ->  16 -  25 -  .   - ['16091A508050520000UK'], 122.83
2024-08-25 14:35:00,978 - INFO     ->  16 -  26 -  .   - ['16091A508050720000UY'], 147.39
2024-08-25 14:35:00,978 - INFO     ->  16 -  27 -  .   - ['16091A504000670000UK'], 122.83
2024-08-25 14:35:00,978 - INFO     ->  16 -  28 -  .   - ['16091A506000330000UU'], 122.83
2024-08-25 14:35:00,978 - INFO     ->  16 -  29 -  .   - ['16215A501001920000UY'], 331.63
2024-08-25 14:35:00,978 - INFO     ->  16 -  30 -  .   - ['16215A505000040000UL'], 583.42
2024-08-25 14:35:00,978 - INFO     ->  16 -  31 -  .   - ['16215A506000250000UI'], 110.54
2024-08-25 14:35:00,978 - INFO     ->  16 -  32 -  .   - ['16215A510000370000US'], 3141.62
2024-08-25 14:35:00,978 - INFO     ->  16 -  33 -  .   - ['16215A510000270000UK'], 6843.37
2024-08-25 14:35:00,978 - INFO     ->  16 -  34 -  .   - ['16215A513000190000UK'], 3559.9
2024-08-25 14:35:00,978 - INFO     ->  16 -  35 -  .   - ['16215A514000230000UL'], 5402.61
2024-08-25 14:35:00,978 - INFO     ->  16 -  36 -  .   - ['16067A005000010000JG'], 429.89
2024-08-25 14:35:00,978 - INFO     ->  16 -  37 -  .   - ['16091A513050200000UW'], 122.83
2024-08-25 14:35:00,978 - INFO     ->  16 -  38 -  .   - ['16091A503052750000US'], 122.83
2024-08-25 14:35:00,978 - INFO     ->  16 -  39 -  .   - ['16091A513050220000UB'], 122.83
2024-08-25 14:35:00,978 - INFO     ->  16 -  40 -  .   - ['16215A504000630000UT'], 970.32
2024-08-25 14:35:22,144 - INFO     ->  16 -  1  -  1   - Successfully downloaded PDF and KML of the land '16123A501000250000GW' with coordinates '39°55'11.4"N 1°21'03.7"W' and data: {'localizacion': 'Polígono 501 Parcela 25\nEL SATEADO. LANDETE (CUENCA)', 'clase': 'Rústico', 'uso': 'Agrario', 'cultivo': 'C- Labor o Labradío secano'}.
2024-08-25 14:35:32,336 - INFO     ->  16 -  1  -  1   - Screenshot of the land '16123A501000250000GW' has been taken successfully.
2024-08-25 14:35:51,531 - WARNING  ->  16 -  1  -  1   - The land '16123A501000250000GW' is 'Rústico' but doesn't has a report.
2024-08-25 14:35:51,532 - INFO     ->  16 -  1  -  1   - The land '16123A501000250000GW' has the next value 967.55. 
2024-08-25 14:36:11,038 - INFO     ->  16 -  1  -  1   - Land '16123A501000250000GW' is in 'CUENCA' province. More precisely is on 'LANDETE' locality with C.P. 16330
2024-08-25 14:36:13,736 - INFO     ->  16 -  1  -  1   - Population info about land '16123A501000250000GW' has been extracted successfully: Now -> 1230 /// Five years ago -> 1216
2024-08-25 14:36:18,780 - INFO     ->  16 -  1  -  1   - Number of transactions of 'Fincas Rusticas' where land '16123A501000250000GW' is located: Now -> 3715 /// Seven years ago -> 3339
2024-08-25 14:36:46,024 - INFO     ->  16 -  1  -  1   - Enterprises near land '16123A501000250000GW' located on C.P. 16330 have been extracted successfully: ['SANCHEZ SORIANO REQUENARIO SOCIEDAD LIMITADA.', 'MANCHA EXPANSION SOCIEDAD LIMITADA.', 'DISTRIBUCIONES Y TRANSPORTE HUERTA JIMENEZ SL', 'VALERO-CARRIZO SLL.', 'AUTOSERVICIO EL MATA S.L.', 'FREDERIC DESMOTTES SOCIEDAD LIMITADA.', 'HERNANDEZ VIADEL S.L.', 'FRAJAUTO SL', 'JEFALUMEJO SL', 'SANEAMIENTOS FONTANERIA Y CALEFACCION SALVADOR MARTINEZ SL', 'BUSELILANDT SLL.', 'CONSTRULAN URBANA SL', 'MALAVIA HERNANDEZ Y OVIEDO SLL']
2024-08-25 14:36:57,030 - INFO     ->  16 -  1  -  1   - Car and foot distance and time from '16123A501000250000GW' - 'SANCHEZ SORIANO REQUENARIO SOCIEDAD LIMITADA.' has been extracted successfully.
