2024-10-22 09:04:27,552 - ERROR    ->  16 -  4  -  1   - Failed to get data from land '16102A503000010000QI'
Traceback (most recent call last):
  File "/home/miguel/coding-projects/ScrapingFincasHacienda/scrapingFincasHacienda/Catastro/catastro.py", line 83, in get_data
    path_ortofoto = self.__download_ortofoto()
                    ^^^^^^^^^^^^^^^^^^^^^^^^^^
  File "/home/miguel/coding-projects/ScrapingFincasHacienda/scrapingFincasHacienda/Catastro/catastro.py", line 191, in __download_ortofoto
    capas_btn = self.find_element(By.XPATH, "//button[@id='btnCapasC']")
                ^^^^^^^^^^^^^^^^^^^^^^^^^^^^^^^^^^^^^^^^^^^^^^^^^^^^^^^^
  File "/home/miguel/coding-projects/ScrapingFincasHacienda/env/lib/python3.12/site-packages/selenium/webdriver/remote/webdriver.py", line 748, in find_element
    return self.execute(Command.FIND_ELEMENT, {"using": by, "value": value})["value"]
           ^^^^^^^^^^^^^^^^^^^^^^^^^^^^^^^^^^^^^^^^^^^^^^^^^^^^^^^^^^^^^^^^^
  File "/home/miguel/coding-projects/ScrapingFincasHacienda/env/lib/python3.12/site-packages/selenium/webdriver/remote/webdriver.py", line 354, in execute
    self.error_handler.check_response(response)
  File "/home/miguel/coding-projects/ScrapingFincasHacienda/env/lib/python3.12/site-packages/selenium/webdriver/remote/errorhandler.py", line 229, in check_response
    raise exception_class(message, screen, stacktrace)
selenium.common.exceptions.NoSuchWindowException: Message: no such window: target window already closed
from unknown error: web view not found
  (Session info: chrome=128.0.6613.113)
Stacktrace:
#0 0x6398ac3252da <unknown>
#1 0x6398abff3200 <unknown>
#2 0x6398abfc8a1f <unknown>
#3 0x6398ac06feed <unknown>
#4 0x6398ac0856a9 <unknown>
#5 0x6398ac067673 <unknown>
#6 0x6398ac035473 <unknown>
#7 0x6398ac03647e <unknown>
#8 0x6398ac2ec0db <unknown>
#9 0x6398ac2f0071 <unknown>
#10 0x6398ac2d89d5 <unknown>
#11 0x6398ac2f0bf2 <unknown>
#12 0x6398ac2bdb6f <unknown>
#13 0x6398ac314248 <unknown>
#14 0x6398ac314417 <unknown>
#15 0x6398ac3240cc <unknown>
#16 0x713473b0739d <unknown>
#17 0x713473b8c49c <unknown>

