2025-01-14 16:09:43,028 - ERROR    ->  10 -  2  -  1   - Failed to get the reference value and the 'Report PDF' of the land '4226002QD2742E0021IE'
Traceback (most recent call last):
  File "/home/miguel/CodingProjects/ScrapingFincasHacienda/scrapingFincasHacienda/Catastro/report.py", line 92, in get_data
    self.__access_query_value_page()
  File "/home/miguel/CodingProjects/ScrapingFincasHacienda/scrapingFincasHacienda/Catastro/report.py", line 161, in __access_query_value_page
    query_value_button.click()
  File "/home/miguel/CodingProjects/ScrapingFincasHacienda/venv/lib/python3.12/site-packages/selenium/webdriver/remote/webelement.py", line 94, in click
    self._execute(Command.CLICK_ELEMENT)
  File "/home/miguel/CodingProjects/ScrapingFincasHacienda/venv/lib/python3.12/site-packages/selenium/webdriver/remote/webelement.py", line 402, in _execute
    return self._parent.execute(command, params)
           ^^^^^^^^^^^^^^^^^^^^^^^^^^^^^^^^^^^^^
  File "/home/miguel/CodingProjects/ScrapingFincasHacienda/venv/lib/python3.12/site-packages/selenium/webdriver/remote/webdriver.py", line 384, in execute
    self.error_handler.check_response(response)
  File "/home/miguel/CodingProjects/ScrapingFincasHacienda/venv/lib/python3.12/site-packages/selenium/webdriver/remote/errorhandler.py", line 232, in check_response
    raise exception_class(message, screen, stacktrace)
selenium.common.exceptions.ElementNotInteractableException: Message: element not interactable
  (Session info: chrome=131.0.6778.264)
Stacktrace:
#0 0x60f666f201fa <unknown>
#1 0x60f666a3066d <unknown>
#2 0x60f666a8066c <unknown>
#3 0x60f666a741f5 <unknown>
#4 0x60f666aa3582 <unknown>
#5 0x60f666a73b38 <unknown>
#6 0x60f666aa374e <unknown>
#7 0x60f666ac2007 <unknown>
#8 0x60f666aa3323 <unknown>
#9 0x60f666a71de0 <unknown>
#10 0x60f666a72dbe <unknown>
#11 0x60f666eec12b <unknown>
#12 0x60f666ef00c7 <unknown>
#13 0x60f666ed96cc <unknown>
#14 0x60f666ef0c47 <unknown>
#15 0x60f666ebe67f <unknown>
#16 0x60f666f0f288 <unknown>
#17 0x60f666f0f450 <unknown>
#18 0x60f666f1f076 <unknown>
#19 0x750b7009ca94 <unknown>
#20 0x750b70129c3c <unknown>

