2024-12-01 14:05:42,826 - INFO     ->  1  -  .  -  .   - No auctions available
2024-12-01 14:05:43,314 - INFO     ->  2  -  .  -  .   - No auctions available
2024-12-01 14:05:43,719 - INFO     ->  3  -  .  -  .   - Auction retrieved: https://www.hacienda.gob.es/es-ES/Areas%20Tematicas/Patrimonio%20del%20Estado/Gestion%20Patrimonial%20del%20Estado/Paginas/Subastas/DEH-Alicante/Subasta-DEH-Alicante-2024-2.aspx
2024-12-01 14:05:43,829 - ERROR    ->  3  -  .  -  .   - Failed to find list of lands on Pliego or Anexo.
Traceback (most recent call last):
  File "/home/miguel/CodingProjects/ScrapingFincasHacienda/scrapingFincasHacienda/Hacienda/pliego_url.py", line 28, in get_pliego
    pliego = soup.find("a", href=const.PLIEGO_PATTERN).get("href")
             ^^^^^^^^^^^^^^^^^^^^^^^^^^^^^^^^^^^^^^^^^^^^^
AttributeError: 'NoneType' object has no attribute 'get'
2024-12-01 14:05:44,255 - INFO     ->  4  -  .  -  .   - No auctions available
2024-12-01 14:05:44,648 - INFO     ->  5  -  .  -  .   - No auctions available
2024-12-01 14:05:45,162 - INFO     ->  6  -  .  -  .   - No auctions available
2024-12-01 14:05:45,602 - INFO     ->  7  -  .  -  .   - No auctions available
2024-12-01 14:05:46,074 - INFO     ->  8  -  .  -  .   - No auctions available
2024-12-01 14:05:46,480 - INFO     ->  9  -  .  -  .   - No auctions available
2024-12-01 14:05:47,007 - INFO     ->  10 -  .  -  .   - Auction retrieved: https://www.hacienda.gob.es/es-ES/Areas%20Tematicas/Patrimonio%20del%20Estado/Gestion%20Patrimonial%20del%20Estado/Paginas/Subastas/DEH-CACERES/Subasta-bienes-inmuebles.aspx
2024-12-01 14:05:49,398 - INFO     ->  10 -  .  -  .   - List of lands: https://www.hacienda.gob.es/DGPatrimonio/Gestión%20Patrimonial/subastas/DEH-CACERES/Pliego.pdf.xsig.pdf.
2024-12-01 14:05:50,029 - INFO     ->  10 -  .  -  .   - Auction with id 'OIP_KYYY2CC6COTD4E5269GYQ6NUOE39' is NEW.
2024-12-01 14:05:50,295 - INFO     ->  10 -  .  -  .   - Successfully downloaded url_pliego_pdf https://www.hacienda.gob.es/DGPatrimonio/Gestión%20Patrimonial/subastas/DEH-CACERES/Pliego.pdf.xsig.pdf.
 Saved on /home/miguel/CodingProjects/ScrapingFincasHacienda/data/auction/2024-12-01_Delegation_10.pdf
2024-12-01 14:05:52,570 - WARNING  ->  10 -  1  -  .   - Failed to process the lote 1
2024-12-01 14:05:52,570 - INFO     ->  10 -  2  -  .   - ['4226002QD2742E0021IE'], 58292.0
2024-12-01 14:05:52,602 - INFO     ->  10 -  3  -  .   - ['8669202TJ4586N0001HZ'], 2006.0
2024-12-01 14:05:52,602 - INFO     ->  10 -  4  -  .   - ['0676014TJ4507N0001TY'], 2322.0
2024-12-01 14:05:52,602 - INFO     ->  10 -  5  -  .   - ['0676013TJ4507N0001LY'], 1609.05
2024-12-01 14:05:52,603 - WARNING  ->  10 -  6  -  .   - Failed to process the lote 6
2024-12-01 14:05:52,603 - INFO     ->  10 -  7  -  .   - ['5724008QD2752D0017QB'], 220957.12
2024-12-01 14:05:52,603 - INFO     ->  10 -  8  -  .   - ['10115A014090180000ZM'], 14088.03
2024-12-01 14:05:52,640 - INFO     ->  10 -  .  -  .   - Corroborated that auction is NEW.
2024-12-01 14:06:12,019 - INFO     ->  10 -  2  -  1   - Successfully downloaded PDF and KML of the land '4226002QD2742E0021IE' with coordinates '39°28'23.6"N 6°23'41.4"W' and data: {'localizacion': 'CL VIVIENDAS DE CAMINEROS Ndup-U Bl:21 Es:1 Pl:02 Pt:DCH\n10005 CACERES (CÁCERES)', 'provincia': 'CÁCERES', 'municipio': 'CACERES ', 'clase': 'Urbano', 'uso': 'Residencial', 'cultivo': None}.
2024-12-01 14:06:16,707 - INFO     ->  10 -  2  -  1   - Land '4226002QD2742E0021IE' is in 'CACERES' province. More precisely is on 'CÁCERES' locality with C.P. 10005
2024-12-01 14:06:32,183 - INFO     ->  10 -  2  -  1   - Screenshot of the land '4226002QD2742E0021IE' has been taken successfully.
2024-12-01 14:07:12,410 - INFO     ->  1  -  .  -  .   - No auctions available
2024-12-01 14:07:12,817 - INFO     ->  2  -  .  -  .   - No auctions available
2024-12-01 14:07:13,200 - INFO     ->  3  -  .  -  .   - Auction retrieved: https://www.hacienda.gob.es/es-ES/Areas%20Tematicas/Patrimonio%20del%20Estado/Gestion%20Patrimonial%20del%20Estado/Paginas/Subastas/DEH-Alicante/Subasta-DEH-Alicante-2024-2.aspx
2024-12-01 14:07:13,335 - ERROR    ->  3  -  .  -  .   - Failed to find list of lands on Pliego or Anexo.
Traceback (most recent call last):
  File "/home/miguel/CodingProjects/ScrapingFincasHacienda/scrapingFincasHacienda/Hacienda/pliego_url.py", line 28, in get_pliego
    pliego = soup.find("a", href=const.PLIEGO_PATTERN).get("href")
             ^^^^^^^^^^^^^^^^^^^^^^^^^^^^^^^^^^^^^^^^^^^^^
AttributeError: 'NoneType' object has no attribute 'get'
2024-12-01 14:07:13,699 - INFO     ->  4  -  .  -  .   - No auctions available
2024-12-01 14:07:13,986 - INFO     ->  5  -  .  -  .   - No auctions available
2024-12-01 14:07:14,268 - INFO     ->  6  -  .  -  .   - No auctions available
2024-12-01 14:07:14,566 - INFO     ->  7  -  .  -  .   - No auctions available
2024-12-01 14:07:14,908 - INFO     ->  8  -  .  -  .   - No auctions available
2024-12-01 14:07:15,479 - INFO     ->  9  -  .  -  .   - No auctions available
2024-12-01 14:07:15,856 - INFO     ->  10 -  .  -  .   - Auction retrieved: https://www.hacienda.gob.es/es-ES/Areas%20Tematicas/Patrimonio%20del%20Estado/Gestion%20Patrimonial%20del%20Estado/Paginas/Subastas/DEH-CACERES/Subasta-bienes-inmuebles.aspx
2024-12-01 14:07:18,249 - INFO     ->  10 -  .  -  .   - List of lands: https://www.hacienda.gob.es/DGPatrimonio/Gestión%20Patrimonial/subastas/DEH-CACERES/Pliego.pdf.xsig.pdf.
2024-12-01 14:07:18,971 - INFO     ->  10 -  .  -  .   - Auction with id 'OIP_KYYY2CC6COTD4E5269GYQ6NUOE39' is NEW.
2024-12-01 14:07:19,276 - INFO     ->  10 -  .  -  .   - Successfully downloaded url_pliego_pdf https://www.hacienda.gob.es/DGPatrimonio/Gestión%20Patrimonial/subastas/DEH-CACERES/Pliego.pdf.xsig.pdf.
 Saved on /home/miguel/CodingProjects/ScrapingFincasHacienda/data/auction/2024-12-01_Delegation_10.pdf
2024-12-01 14:07:21,541 - WARNING  ->  10 -  1  -  .   - Failed to process the lote 1
2024-12-01 14:07:21,541 - INFO     ->  10 -  2  -  .   - ['4226002QD2742E0021IE'], 58292.0
2024-12-01 14:07:21,541 - INFO     ->  10 -  3  -  .   - ['8669202TJ4586N0001HZ'], 2006.0
2024-12-01 14:07:21,542 - INFO     ->  10 -  4  -  .   - ['0676014TJ4507N0001TY'], 2322.0
2024-12-01 14:07:21,542 - INFO     ->  10 -  5  -  .   - ['0676013TJ4507N0001LY'], 1609.05
2024-12-01 14:07:21,542 - WARNING  ->  10 -  6  -  .   - Failed to process the lote 6
2024-12-01 14:07:21,542 - INFO     ->  10 -  7  -  .   - ['5724008QD2752D0017QB'], 220957.12
2024-12-01 14:07:21,542 - INFO     ->  10 -  8  -  .   - ['10115A014090180000ZM'], 14088.03
2024-12-01 14:07:21,542 - INFO     ->  10 -  .  -  .   - Corroborated that auction is NEW.
2024-12-01 14:07:40,682 - INFO     ->  10 -  2  -  1   - Successfully downloaded PDF and KML of the land '4226002QD2742E0021IE' with coordinates '39°28'23.6"N 6°23'41.4"W' and data: {'localizacion': 'CL VIVIENDAS DE CAMINEROS Ndup-U Bl:21 Es:1 Pl:02 Pt:DCH\n10005 CACERES (CÁCERES)', 'provincia': 'CÁCERES', 'municipio': 'CACERES ', 'clase': 'Urbano', 'uso': 'Residencial', 'cultivo': None}.
2024-12-01 14:07:45,385 - INFO     ->  10 -  2  -  1   - Land '4226002QD2742E0021IE' is in 'CACERES' province. More precisely is on 'CÁCERES' locality with C.P. 10005
2024-12-01 14:08:00,690 - INFO     ->  10 -  2  -  1   - Screenshot of the land '4226002QD2742E0021IE' has been taken successfully.
2024-12-01 14:08:04,786 - INFO     ->  10 -  2  -  1   - The land '4226002QD2742E0021IE' has the next value 136320.44. 
2024-12-01 14:14:34,568 - INFO     ->  1  -  .  -  .   - No auctions available
2024-12-01 14:14:34,899 - INFO     ->  2  -  .  -  .   - No auctions available
2024-12-01 14:14:35,324 - INFO     ->  3  -  .  -  .   - Auction retrieved: https://www.hacienda.gob.es/es-ES/Areas%20Tematicas/Patrimonio%20del%20Estado/Gestion%20Patrimonial%20del%20Estado/Paginas/Subastas/DEH-Alicante/Subasta-DEH-Alicante-2024-2.aspx
2024-12-01 14:14:35,508 - ERROR    ->  3  -  .  -  .   - Failed to find list of lands on Pliego or Anexo.
Traceback (most recent call last):
  File "/home/miguel/CodingProjects/ScrapingFincasHacienda/scrapingFincasHacienda/Hacienda/pliego_url.py", line 28, in get_pliego
    pliego = soup.find("a", href=const.PLIEGO_PATTERN).get("href")
             ^^^^^^^^^^^^^^^^^^^^^^^^^^^^^^^^^^^^^^^^^^^^^
AttributeError: 'NoneType' object has no attribute 'get'
2024-12-01 14:14:35,871 - INFO     ->  4  -  .  -  .   - No auctions available
2024-12-01 14:14:36,276 - INFO     ->  5  -  .  -  .   - No auctions available
2024-12-01 14:14:36,746 - INFO     ->  6  -  .  -  .   - No auctions available
2024-12-01 14:14:37,133 - INFO     ->  7  -  .  -  .   - No auctions available
2024-12-01 14:14:37,493 - INFO     ->  8  -  .  -  .   - No auctions available
2024-12-01 14:14:37,947 - INFO     ->  9  -  .  -  .   - No auctions available
2024-12-01 14:14:38,331 - INFO     ->  10 -  .  -  .   - Auction retrieved: https://www.hacienda.gob.es/es-ES/Areas%20Tematicas/Patrimonio%20del%20Estado/Gestion%20Patrimonial%20del%20Estado/Paginas/Subastas/DEH-CACERES/Subasta-bienes-inmuebles.aspx
2024-12-01 14:14:40,765 - INFO     ->  10 -  .  -  .   - List of lands: https://www.hacienda.gob.es/DGPatrimonio/Gestión%20Patrimonial/subastas/DEH-CACERES/Pliego.pdf.xsig.pdf.
2024-12-01 14:14:41,467 - INFO     ->  10 -  .  -  .   - Auction with id 'OIP_KYYY2CC6COTD4E5269GYQ6NUOE39' is NEW.
2024-12-01 14:14:41,754 - INFO     ->  10 -  .  -  .   - Successfully downloaded url_pliego_pdf https://www.hacienda.gob.es/DGPatrimonio/Gestión%20Patrimonial/subastas/DEH-CACERES/Pliego.pdf.xsig.pdf.
 Saved on /home/miguel/CodingProjects/ScrapingFincasHacienda/data/auction/2024-12-01_Delegation_10.pdf
2024-12-01 14:14:44,040 - WARNING  ->  10 -  1  -  .   - Failed to process the lote 1
2024-12-01 14:14:44,040 - INFO     ->  10 -  2  -  .   - ['4226002QD2742E0021IE'], 58292.0
2024-12-01 14:14:44,040 - INFO     ->  10 -  3  -  .   - ['8669202TJ4586N0001HZ'], 2006.0
2024-12-01 14:14:44,040 - INFO     ->  10 -  4  -  .   - ['0676014TJ4507N0001TY'], 2322.0
2024-12-01 14:14:44,040 - INFO     ->  10 -  5  -  .   - ['0676013TJ4507N0001LY'], 1609.05
2024-12-01 14:14:44,040 - WARNING  ->  10 -  6  -  .   - Failed to process the lote 6
2024-12-01 14:14:44,040 - INFO     ->  10 -  7  -  .   - ['5724008QD2752D0017QB'], 220957.12
2024-12-01 14:14:44,040 - INFO     ->  10 -  8  -  .   - ['10115A014090180000ZM'], 14088.03
2024-12-01 14:14:44,041 - INFO     ->  10 -  .  -  .   - Corroborated that auction is NEW.
2024-12-01 14:15:03,335 - INFO     ->  10 -  2  -  1   - Successfully downloaded PDF and KML of the land '4226002QD2742E0021IE' with coordinates '39°28'23.6"N 6°23'41.4"W' and data: {'localizacion': 'CL VIVIENDAS DE CAMINEROS Ndup-U Bl:21 Es:1 Pl:02 Pt:DCH\n10005 CACERES (CÁCERES)', 'provincia': 'CÁCERES', 'municipio': 'CACERES ', 'clase': 'Urbano', 'uso': 'Residencial', 'cultivo': None}.
2024-12-01 14:15:08,057 - INFO     ->  10 -  2  -  1   - Land '4226002QD2742E0021IE' is in 'CACERES' province. More precisely is on 'CÁCERES' locality with C.P. 10005
2024-12-01 14:15:23,484 - INFO     ->  10 -  2  -  1   - Screenshot of the land '4226002QD2742E0021IE' has been taken successfully.
2024-12-01 14:15:27,640 - INFO     ->  10 -  2  -  1   - The land '4226002QD2742E0021IE' has the next value 136320.44. The report PDF has not been downloaded, because it is 'Urbano' instead of 'Rústico'.
2024-12-01 14:16:39,089 - INFO     ->  1  -  .  -  .   - No auctions available
2024-12-01 14:16:39,464 - INFO     ->  2  -  .  -  .   - No auctions available
2024-12-01 14:16:39,861 - INFO     ->  3  -  .  -  .   - Auction retrieved: https://www.hacienda.gob.es/es-ES/Areas%20Tematicas/Patrimonio%20del%20Estado/Gestion%20Patrimonial%20del%20Estado/Paginas/Subastas/DEH-Alicante/Subasta-DEH-Alicante-2024-2.aspx
2024-12-01 14:16:40,199 - ERROR    ->  3  -  .  -  .   - Failed to find list of lands on Pliego or Anexo.
Traceback (most recent call last):
  File "/home/miguel/CodingProjects/ScrapingFincasHacienda/scrapingFincasHacienda/Hacienda/pliego_url.py", line 28, in get_pliego
    pliego = soup.find("a", href=const.PLIEGO_PATTERN).get("href")
             ^^^^^^^^^^^^^^^^^^^^^^^^^^^^^^^^^^^^^^^^^^^^^
AttributeError: 'NoneType' object has no attribute 'get'
2024-12-01 14:16:40,635 - INFO     ->  4  -  .  -  .   - No auctions available
2024-12-01 14:16:41,348 - INFO     ->  5  -  .  -  .   - No auctions available
2024-12-01 14:16:41,955 - INFO     ->  6  -  .  -  .   - No auctions available
2024-12-01 14:16:42,468 - INFO     ->  7  -  .  -  .   - No auctions available
2024-12-01 14:16:43,180 - INFO     ->  8  -  .  -  .   - No auctions available
2024-12-01 14:16:43,554 - INFO     ->  9  -  .  -  .   - No auctions available
2024-12-01 14:16:43,946 - INFO     ->  10 -  .  -  .   - Auction retrieved: https://www.hacienda.gob.es/es-ES/Areas%20Tematicas/Patrimonio%20del%20Estado/Gestion%20Patrimonial%20del%20Estado/Paginas/Subastas/DEH-CACERES/Subasta-bienes-inmuebles.aspx
2024-12-01 14:16:46,347 - INFO     ->  10 -  .  -  .   - List of lands: https://www.hacienda.gob.es/DGPatrimonio/Gestión%20Patrimonial/subastas/DEH-CACERES/Pliego.pdf.xsig.pdf.
2024-12-01 14:16:47,053 - INFO     ->  10 -  .  -  .   - Auction with id 'OIP_KYYY2CC6COTD4E5269GYQ6NUOE39' is NEW.
2024-12-01 14:16:47,338 - INFO     ->  10 -  .  -  .   - Successfully downloaded url_pliego_pdf https://www.hacienda.gob.es/DGPatrimonio/Gestión%20Patrimonial/subastas/DEH-CACERES/Pliego.pdf.xsig.pdf.
 Saved on /home/miguel/CodingProjects/ScrapingFincasHacienda/data/auction/2024-12-01_Delegation_10.pdf
2024-12-01 14:16:49,640 - WARNING  ->  10 -  1  -  .   - Failed to process the lote 1
2024-12-01 14:16:49,640 - INFO     ->  10 -  2  -  .   - ['4226002QD2742E0021IE'], 58292.0
2024-12-01 14:16:49,640 - INFO     ->  10 -  3  -  .   - ['8669202TJ4586N0001HZ'], 2006.0
2024-12-01 14:16:49,640 - INFO     ->  10 -  4  -  .   - ['0676014TJ4507N0001TY'], 2322.0
2024-12-01 14:16:49,640 - INFO     ->  10 -  5  -  .   - ['0676013TJ4507N0001LY'], 1609.05
2024-12-01 14:16:49,640 - WARNING  ->  10 -  6  -  .   - Failed to process the lote 6
2024-12-01 14:16:49,640 - INFO     ->  10 -  7  -  .   - ['5724008QD2752D0017QB'], 220957.12
2024-12-01 14:16:49,640 - INFO     ->  10 -  8  -  .   - ['10115A014090180000ZM'], 14088.03
2024-12-01 14:16:49,641 - INFO     ->  10 -  .  -  .   - Corroborated that auction is NEW.
2024-12-01 14:17:10,249 - INFO     ->  10 -  2  -  1   - Successfully downloaded PDF and KML of the land '4226002QD2742E0021IE' with coordinates '39°28'23.6"N 6°23'41.4"W' and data: {'localizacion': 'CL VIVIENDAS DE CAMINEROS Ndup-U Bl:21 Es:1 Pl:02 Pt:DCH\n10005 CACERES (CÁCERES)', 'provincia': 'CÁCERES', 'municipio': 'CACERES ', 'clase': 'Urbano', 'uso': 'Residencial', 'cultivo': None}.
2024-12-01 14:17:15,036 - INFO     ->  10 -  2  -  1   - Land '4226002QD2742E0021IE' is in 'CACERES' province. More precisely is on 'CÁCERES' locality with C.P. 10005
2024-12-01 14:17:30,707 - INFO     ->  10 -  2  -  1   - Screenshot of the land '4226002QD2742E0021IE' has been taken successfully.
2024-12-01 14:17:34,636 - INFO     ->  10 -  2  -  1   - The land '4226002QD2742E0021IE' has the next value 136320.44.
The report PDF has not been downloaded, because it is 'Urbano' instead of 'Rústico'.
2024-12-01 14:17:37,488 - INFO     ->  10 -  2  -  1   - Population info about land '4226002QD2742E0021IE' has been extracted successfully: Now -> 96215 /// Five years ago -> 96068
