2024-11-28 10:08:40,935 - INFO     ->  1  -  .  -  .   - No auctions available
2024-11-28 10:08:41,266 - INFO     ->  2  -  .  -  .   - No auctions available
2024-11-28 10:08:41,545 - INFO     ->  3  -  .  -  .   - Auction retrieved: https://www.hacienda.gob.es/es-ES/Areas%20Tematicas/Patrimonio%20del%20Estado/Gestion%20Patrimonial%20del%20Estado/Paginas/Subastas/DEH-Alicante/Subasta-DEH-Alicante-2024-2.aspx
2024-11-28 10:09:51,248 - INFO     ->  1  -  .  -  .   - No auctions available
2024-11-28 10:09:51,506 - INFO     ->  2  -  .  -  .   - No auctions available
2024-11-28 10:09:51,783 - INFO     ->  3  -  .  -  .   - Auction retrieved: https://www.hacienda.gob.es/es-ES/Areas%20Tematicas/Patrimonio%20del%20Estado/Gestion%20Patrimonial%20del%20Estado/Paginas/Subastas/DEH-Alicante/Subasta-DEH-Alicante-2024-2.aspx
2024-11-28 10:09:52,050 - ERROR    ->  3  -  .  -  .   - Failed to find list of lands on Pliego or Anexo.
Traceback (most recent call last):
  File "/home/miguel/CodingProjects/ScrapingFincasHacienda/scrapingFincasHacienda/Hacienda/pliego_url.py", line 28, in get_pliego
    pliego = soup.find("a", href=const.PLIEGO_PATTERN).get("href")
             ^^^^^^^^^^^^^^^^^^^^^^^^^^^^^^^^^^^^^^^^^^^^^
AttributeError: 'NoneType' object has no attribute 'get'
2024-11-28 10:09:57,345 - INFO     ->  4  -  .  -  .   - No auctions available
2024-11-28 10:09:57,622 - INFO     ->  5  -  .  -  .   - No auctions available
2024-11-28 10:09:57,938 - INFO     ->  6  -  .  -  .   - No auctions available
2024-11-28 10:09:58,223 - INFO     ->  7  -  .  -  .   - No auctions available
2024-11-28 10:09:58,496 - INFO     ->  8  -  .  -  .   - No auctions available
2024-11-28 10:09:59,098 - INFO     ->  9  -  .  -  .   - No auctions available
2024-11-28 10:09:59,397 - INFO     ->  10 -  .  -  .   - Auction retrieved: https://www.hacienda.gob.es/es-ES/Areas%20Tematicas/Patrimonio%20del%20Estado/Gestion%20Patrimonial%20del%20Estado/Paginas/Subastas/DEH-CACERES/Subasta-bienes-inmuebles.aspx
2024-11-28 10:12:14,329 - INFO     ->  1  -  .  -  .   - No auctions available
2024-11-28 10:12:14,588 - INFO     ->  2  -  .  -  .   - No auctions available
2024-11-28 10:12:14,923 - INFO     ->  3  -  .  -  .   - Auction retrieved: https://www.hacienda.gob.es/es-ES/Areas%20Tematicas/Patrimonio%20del%20Estado/Gestion%20Patrimonial%20del%20Estado/Paginas/Subastas/DEH-Alicante/Subasta-DEH-Alicante-2024-2.aspx
2024-11-28 10:12:15,299 - ERROR    ->  3  -  .  -  .   - Failed to find list of lands on Pliego or Anexo.
Traceback (most recent call last):
  File "/home/miguel/CodingProjects/ScrapingFincasHacienda/scrapingFincasHacienda/Hacienda/pliego_url.py", line 28, in get_pliego
    pliego = soup.find("a", href=const.PLIEGO_PATTERN).get("href")
             ^^^^^^^^^^^^^^^^^^^^^^^^^^^^^^^^^^^^^^^^^^^^^
AttributeError: 'NoneType' object has no attribute 'get'
2024-11-28 10:12:15,582 - INFO     ->  4  -  .  -  .   - No auctions available
2024-11-28 10:12:15,866 - INFO     ->  5  -  .  -  .   - No auctions available
2024-11-28 10:12:16,112 - INFO     ->  6  -  .  -  .   - No auctions available
2024-11-28 10:12:16,370 - INFO     ->  7  -  .  -  .   - No auctions available
2024-11-28 10:12:16,670 - INFO     ->  8  -  .  -  .   - No auctions available
2024-11-28 10:12:16,932 - INFO     ->  9  -  .  -  .   - No auctions available
2024-11-28 10:12:17,233 - INFO     ->  10 -  .  -  .   - Auction retrieved: https://www.hacienda.gob.es/es-ES/Areas%20Tematicas/Patrimonio%20del%20Estado/Gestion%20Patrimonial%20del%20Estado/Paginas/Subastas/DEH-CACERES/Subasta-bienes-inmuebles.aspx
2024-11-28 10:12:21,159 - INFO     ->  10 -  .  -  .   - List of lands: https://www.hacienda.gob.es/DGPatrimonio/Gestión%20Patrimonial/subastas/DEH-CACERES/Pliego.pdf.xsig.pdf
2024-11-28 10:19:01,390 - INFO     ->  1  -  .  -  .   - No auctions available
2024-11-28 10:19:01,652 - INFO     ->  2  -  .  -  .   - No auctions available
2024-11-28 10:19:01,936 - INFO     ->  3  -  .  -  .   - Auction retrieved: https://www.hacienda.gob.es/es-ES/Areas%20Tematicas/Patrimonio%20del%20Estado/Gestion%20Patrimonial%20del%20Estado/Paginas/Subastas/DEH-Alicante/Subasta-DEH-Alicante-2024-2.aspx
2024-11-28 10:19:02,208 - ERROR    ->  3  -  .  -  .   - Failed to find list of lands on Pliego or Anexo.
Traceback (most recent call last):
  File "/home/miguel/CodingProjects/ScrapingFincasHacienda/scrapingFincasHacienda/Hacienda/pliego_url.py", line 28, in get_pliego
    pliego = soup.find("a", href=const.PLIEGO_PATTERN).get("href")
             ^^^^^^^^^^^^^^^^^^^^^^^^^^^^^^^^^^^^^^^^^^^^^
AttributeError: 'NoneType' object has no attribute 'get'
2024-11-28 10:19:02,459 - INFO     ->  4  -  .  -  .   - No auctions available
2024-11-28 10:19:02,775 - INFO     ->  5  -  .  -  .   - No auctions available
2024-11-28 10:19:03,184 - INFO     ->  6  -  .  -  .   - No auctions available
2024-11-28 10:19:03,422 - INFO     ->  7  -  .  -  .   - No auctions available
2024-11-28 10:19:03,670 - INFO     ->  8  -  .  -  .   - No auctions available
2024-11-28 10:19:03,943 - INFO     ->  9  -  .  -  .   - No auctions available
2024-11-28 10:19:04,240 - INFO     ->  10 -  .  -  .   - Auction retrieved: https://www.hacienda.gob.es/es-ES/Areas%20Tematicas/Patrimonio%20del%20Estado/Gestion%20Patrimonial%20del%20Estado/Paginas/Subastas/DEH-CACERES/Subasta-bienes-inmuebles.aspx
2024-11-28 10:19:12,351 - INFO     ->  10 -  .  -  .   - List of lands: https://www.hacienda.gob.es/DGPatrimonio/Gestión%20Patrimonial/subastas/DEH-CACERES/Pliego.pdf.xsig.pdf 
Saved on /home/miguel/CodingProjects/ScrapingFincasHacienda/data/auction/2024-11-28_Delegation_10.pdf
