2024-11-30 15:23:18,892 - ERROR    ->  3  -  .  -  .   - Failed to find list of lands on Pliego or Anexo.
Traceback (most recent call last):
  File "/home/miguel/CodingProjects/ScrapingFincasHacienda/scrapingFincasHacienda/Hacienda/pliego_url.py", line 28, in get_pliego
    pliego = soup.find("a", href=const.PLIEGO_PATTERN).get("href")
             ^^^^^^^^^^^^^^^^^^^^^^^^^^^^^^^^^^^^^^^^^^^^^
AttributeError: 'NoneType' object has no attribute 'get'
2024-11-30 15:27:21,284 - ERROR    ->  3  -  .  -  .   - Failed to find list of lands on Pliego or Anexo.
Traceback (most recent call last):
  File "/home/miguel/CodingProjects/ScrapingFincasHacienda/scrapingFincasHacienda/Hacienda/pliego_url.py", line 28, in get_pliego
    pliego = soup.find("a", href=const.PLIEGO_PATTERN).get("href")
             ^^^^^^^^^^^^^^^^^^^^^^^^^^^^^^^^^^^^^^^^^^^^^
AttributeError: 'NoneType' object has no attribute 'get'
2024-11-30 15:30:47,423 - ERROR    ->  3  -  .  -  .   - Failed to find list of lands on Pliego or Anexo.
Traceback (most recent call last):
  File "/home/miguel/CodingProjects/ScrapingFincasHacienda/scrapingFincasHacienda/Hacienda/pliego_url.py", line 28, in get_pliego
    pliego = soup.find("a", href=const.PLIEGO_PATTERN).get("href")
             ^^^^^^^^^^^^^^^^^^^^^^^^^^^^^^^^^^^^^^^^^^^^^
AttributeError: 'NoneType' object has no attribute 'get'
2024-11-30 15:31:10,193 - ERROR    ->  3  -  .  -  .   - Failed to find list of lands on Pliego or Anexo.
Traceback (most recent call last):
  File "/home/miguel/CodingProjects/ScrapingFincasHacienda/scrapingFincasHacienda/Hacienda/pliego_url.py", line 28, in get_pliego
    pliego = soup.find("a", href=const.PLIEGO_PATTERN).get("href")
             ^^^^^^^^^^^^^^^^^^^^^^^^^^^^^^^^^^^^^^^^^^^^^
AttributeError: 'NoneType' object has no attribute 'get'
2024-11-30 15:31:54,246 - ERROR    ->  3  -  .  -  .   - Failed to find list of lands on Pliego or Anexo.
Traceback (most recent call last):
  File "/home/miguel/CodingProjects/ScrapingFincasHacienda/scrapingFincasHacienda/Hacienda/pliego_url.py", line 28, in get_pliego
    pliego = soup.find("a", href=const.PLIEGO_PATTERN).get("href")
             ^^^^^^^^^^^^^^^^^^^^^^^^^^^^^^^^^^^^^^^^^^^^^
AttributeError: 'NoneType' object has no attribute 'get'
2024-11-30 15:32:49,035 - ERROR    ->  3  -  .  -  .   - Failed to find list of lands on Pliego or Anexo.
Traceback (most recent call last):
  File "/home/miguel/CodingProjects/ScrapingFincasHacienda/scrapingFincasHacienda/Hacienda/pliego_url.py", line 28, in get_pliego
    pliego = soup.find("a", href=const.PLIEGO_PATTERN).get("href")
             ^^^^^^^^^^^^^^^^^^^^^^^^^^^^^^^^^^^^^^^^^^^^^
AttributeError: 'NoneType' object has no attribute 'get'
2024-11-30 15:34:02,722 - ERROR    ->  3  -  .  -  .   - Failed to find list of lands on Pliego or Anexo.
Traceback (most recent call last):
  File "/home/miguel/CodingProjects/ScrapingFincasHacienda/scrapingFincasHacienda/Hacienda/pliego_url.py", line 28, in get_pliego
    pliego = soup.find("a", href=const.PLIEGO_PATTERN).get("href")
             ^^^^^^^^^^^^^^^^^^^^^^^^^^^^^^^^^^^^^^^^^^^^^
AttributeError: 'NoneType' object has no attribute 'get'
