2024-12-01 14:05:43,829 - ERROR    ->  3  -  .  -  .   - Failed to find list of lands on Pliego or Anexo.
Traceback (most recent call last):
  File "/home/miguel/CodingProjects/ScrapingFincasHacienda/scrapingFincasHacienda/Hacienda/pliego_url.py", line 28, in get_pliego
    pliego = soup.find("a", href=const.PLIEGO_PATTERN).get("href")
             ^^^^^^^^^^^^^^^^^^^^^^^^^^^^^^^^^^^^^^^^^^^^^
AttributeError: 'NoneType' object has no attribute 'get'
2024-12-01 14:07:13,335 - ERROR    ->  3  -  .  -  .   - Failed to find list of lands on Pliego or Anexo.
Traceback (most recent call last):
  File "/home/miguel/CodingProjects/ScrapingFincasHacienda/scrapingFincasHacienda/Hacienda/pliego_url.py", line 28, in get_pliego
    pliego = soup.find("a", href=const.PLIEGO_PATTERN).get("href")
             ^^^^^^^^^^^^^^^^^^^^^^^^^^^^^^^^^^^^^^^^^^^^^
AttributeError: 'NoneType' object has no attribute 'get'
2024-12-01 14:14:35,508 - ERROR    ->  3  -  .  -  .   - Failed to find list of lands on Pliego or Anexo.
Traceback (most recent call last):
  File "/home/miguel/CodingProjects/ScrapingFincasHacienda/scrapingFincasHacienda/Hacienda/pliego_url.py", line 28, in get_pliego
    pliego = soup.find("a", href=const.PLIEGO_PATTERN).get("href")
             ^^^^^^^^^^^^^^^^^^^^^^^^^^^^^^^^^^^^^^^^^^^^^
AttributeError: 'NoneType' object has no attribute 'get'
2024-12-01 14:16:40,199 - ERROR    ->  3  -  .  -  .   - Failed to find list of lands on Pliego or Anexo.
Traceback (most recent call last):
  File "/home/miguel/CodingProjects/ScrapingFincasHacienda/scrapingFincasHacienda/Hacienda/pliego_url.py", line 28, in get_pliego
    pliego = soup.find("a", href=const.PLIEGO_PATTERN).get("href")
             ^^^^^^^^^^^^^^^^^^^^^^^^^^^^^^^^^^^^^^^^^^^^^
AttributeError: 'NoneType' object has no attribute 'get'
